23:43:30.777 [main                     ] DEBUG Logger               - Configured Logger
23:43:30.807 [main                     ] DEBUG GameApplication      - Logging settings
Title: Pong
Version: 1.0
Width: 800
Height: 600
Fullscreen: false
Intro: false
Profiling: false
Single step:false
App Mode: DEVELOPER
Menu Key: ESCAPE
Stage Style: DECORATED
Scene Factory: class com.almasb.fxgl.app.scene.SceneFactory

23:43:32.727 [JavaFX Application Thread] DEBUG FXGLApplication      - Initializing FXGL
23:43:32.732 [JavaFX Application Thread] INFO  Engine               - FXGL-17.2 (20.08.2022 16.50) on MAC (J:17.0.4.1 FX:17.0.2-ea)
23:43:32.732 [JavaFX Application Thread] DEBUG Engine               - JRE Vendor Name: Azul Systems, Inc.
23:43:32.732 [JavaFX Application Thread] DEBUG Engine               - Running on OS: Mac OS X version 13.0.1
23:43:32.733 [JavaFX Application Thread] DEBUG Engine               - Architecture: x86_64
23:43:32.733 [JavaFX Application Thread] INFO  Engine               - Source code and latest versions at: https://github.com/AlmasB/FXGL
23:43:32.733 [JavaFX Application Thread] INFO  Engine               -       Ask questions and discuss at: https://github.com/AlmasB/FXGL/discussions
23:43:32.733 [JavaFX Application Thread] INFO  Engine               -              Join the FXGL chat at: https://gitter.im/AlmasB/FXGL
23:43:32.818 [JavaFX Application Thread] DEBUG PrimaryStageWindow   - Creating a JavaFX scene
23:43:32.854 [JavaFX Application Thread] DEBUG PrimaryStageWindow   - Target settings size: 800.0 x 600.0
23:43:32.855 [JavaFX Application Thread] DEBUG PrimaryStageWindow   - Scaled scene size:    800.0 x 600.0
23:43:32.855 [JavaFX Application Thread] DEBUG PrimaryStageWindow   - Scaled ratio: (1.0, 1.0)
23:43:32.856 [JavaFX Application Thread] DEBUG PrimaryStageWindow   - Set initial scene to FXGLStartupScene
23:43:32.861 [JavaFX Application Thread] DEBUG PrimaryStageWindow   - Opening main window
23:43:32.916 [JavaFX Application Thread] DEBUG PrimaryStageWindow   - Window border size: (0.0, 28.0)
23:43:32.917 [JavaFX Application Thread] DEBUG PrimaryStageWindow   - Scaled size: 800.0 x 600.0
23:43:32.917 [JavaFX Application Thread] DEBUG PrimaryStageWindow   - Scaled ratio: (1.0, 1.0)
23:43:32.917 [JavaFX Application Thread] DEBUG PrimaryStageWindow   - Scene size: 800.0 x 600.0
23:43:32.917 [JavaFX Application Thread] DEBUG PrimaryStageWindow   - Stage size: 800.0 x 628.0
23:43:32.923 [FXGL Background Thread 1 ] DEBUG Engine               - Initializing environment variables
23:43:32.955 [FXGL Background Thread 1 ] DEBUG FXGLAssetLoaderServi - User app class for loading assets: class com.example.demo.PongApp
23:43:32.955 [FXGL Background Thread 1 ] DEBUG GameApplicationServi - Applying CSS: fxgl_dark.css
23:43:32.956 [FXGL Background Thread 1 ] DEBUG FXGLAssetLoaderServi - Loading from file system: jar:file:/Users/konstantinstaykov/.gradle/caches/modules-2/files-2.1/com.github.almasb/fxgl/17.2/35db6ae960eec2dcfd19262d3b7f9c42f0e95bc3/fxgl-17.2.jar!/fxglassets/ui/css/fxgl_dark.css
23:43:32.999 [FXGL Background Thread 1 ] DEBUG GameApplicationServi - Initializing application scenes
23:43:33.091 [FXGL Background Thread 1 ] DEBUG GameWorld            - Game world initialized
23:43:33.140 [FXGL Background Thread 1 ] DEBUG PhysicsWorld         - Physics world initialized: appHeight=600, physics.ppm=50.0
23:43:33.140 [FXGL Background Thread 1 ] DEBUG PhysicsWorld         - Using strategy: BRUTE_FORCE
23:43:33.146 [FXGL Background Thread 1 ] DEBUG GameScene            - Game scene initialized: 800x600
23:43:33.159 [FXGL Background Thread 1 ] DEBUG FXGL.DefaultMenu     - createMenuBodyGameMenu()
23:43:33.175 [FXGL Background Thread 1 ] DEBUG FXGL.DefaultMenu     - createOptionsMenu()
23:43:33.188 [FXGL Background Thread 1 ] DEBUG FXGLAssetLoaderServi - Loading from file system: jar:file:/Users/konstantinstaykov/.gradle/caches/modules-2/files-2.1/com.github.almasb/fxgl/17.2/35db6ae960eec2dcfd19262d3b7f9c42f0e95bc3/fxgl-17.2.jar!/fxglassets/textures/particles/smoke.png
23:43:33.275 [FXGL Background Thread 1 ] DEBUG FXGLAssetLoaderServi - Loading from file system: jar:file:/Users/konstantinstaykov/.gradle/caches/modules-2/files-2.1/com.github.almasb/fxgl/17.2/35db6ae960eec2dcfd19262d3b7f9c42f0e95bc3/fxgl-17.2.jar!/fxglassets/textures/particles/trace_horizontal.png
23:43:33.297 [FXGL Background Thread 1 ] DEBUG GameApplicationServi - Application scenes initialized
23:43:33.308 [FXGL Background Thread 1 ] DEBUG SystemBundleService  - Loading FXGL system data
23:43:33.312 [FXGL Background Thread 1 ] DEBUG FileSystemAccess     - Reading from: /Users/konstantinstaykov/Public/sandbox/fxgl-playground/demo/system/fxgl.bundle
23:43:33.319 [FXGL Background Thread 1 ] DEBUG SystemBundleService  - Bundle FXGL: {}
23:43:33.319 [FXGL Background Thread 1 ] DEBUG UpdaterService       - Checking for updates
23:43:33.322 [FXGL Background Thread 4 ] DEBUG FXGLApplication      - Loading fonts
23:43:33.323 [FXGL Background Thread 1 ] DEBUG FXGLApplication      - Loading default localization
23:43:33.323 [FXGL Background Thread 4 ] DEBUG FXGLAssetLoaderServi - Loading from file system: jar:file:/Users/konstantinstaykov/.gradle/caches/modules-2/files-2.1/com.github.almasb/fxgl/17.2/35db6ae960eec2dcfd19262d3b7f9c42f0e95bc3/fxgl-17.2.jar!/fxglassets/ui/fonts/VarelaRound-Regular.ttf
23:43:33.323 [FXGL Background Thread 1 ] DEBUG FXGLAssetLoaderServi - Loading from file system: jar:file:/Users/konstantinstaykov/.gradle/caches/modules-2/files-2.1/com.github.almasb/fxgl/17.2/35db6ae960eec2dcfd19262d3b7f9c42f0e95bc3/fxgl-17.2.jar!/fxglassets/languages/english.lang
23:43:33.337 [FXGL Background Thread 4 ] DEBUG FXGLAssetLoaderServi - Loading from file system: jar:file:/Users/konstantinstaykov/.gradle/caches/modules-2/files-2.1/com.github.almasb/fxgl/17.2/35db6ae960eec2dcfd19262d3b7f9c42f0e95bc3/fxgl-17.2.jar!/fxglassets/ui/fonts/Abel-Regular.ttf
23:43:33.341 [FXGL Background Thread 4 ] DEBUG FXGLAssetLoaderServi - Loading from file system: jar:file:/Users/konstantinstaykov/.gradle/caches/modules-2/files-2.1/com.github.almasb/fxgl/17.2/35db6ae960eec2dcfd19262d3b7f9c42f0e95bc3/fxgl-17.2.jar!/fxglassets/ui/fonts/TerminalLandMono-Regular.otf
23:43:33.343 [FXGL Background Thread 1 ] INFO  FXGLApplication      - FXGL initialization took: 0.419 sec
23:43:33.345 [FXGL Background Thread 4 ] DEBUG FXGLAssetLoaderServi - Loading from file system: jar:file:/Users/konstantinstaykov/.gradle/caches/modules-2/files-2.1/com.github.almasb/fxgl/17.2/35db6ae960eec2dcfd19262d3b7f9c42f0e95bc3/fxgl-17.2.jar!/fxglassets/ui/fonts/Courier-Prime.ttf
23:43:33.351 [JavaFX Application Thread] DEBUG Input                - Registered new binding: Up - W
23:43:33.351 [JavaFX Application Thread] DEBUG Input                - Registered new binding: Down - S
23:43:33.351 [JavaFX Application Thread] DEBUG FXGLAssetLoaderServi - Loading from file system: jar:file:/Users/konstantinstaykov/.gradle/caches/modules-2/files-2.1/com.github.almasb/fxgl/17.2/35db6ae960eec2dcfd19262d3b7f9c42f0e95bc3/fxgl-17.2.jar!/fxglassets/textures/fxgl_icon.png
23:43:33.373 [JavaFX Application Thread] DEBUG FXGLAssetLoaderServi - Loading from file system: jar:file:/Users/konstantinstaykov/.gradle/caches/modules-2/files-2.1/com.github.almasb/fxgl/17.2/35db6ae960eec2dcfd19262d3b7f9c42f0e95bc3/fxgl-17.2.jar!/fxglassets/textures/fxgl_default_cursor.png
23:43:33.375 [JavaFX Application Thread] DEBUG Input                - Registered new binding: Screenshot - CTRL+8
23:43:33.375 [JavaFX Application Thread] DEBUG Input                - Registered new binding: System info dump - CTRL+9
23:43:33.375 [JavaFX Application Thread] DEBUG Input                - Registered new binding: Restart - CTRL+R
23:43:33.376 [JavaFX Application Thread] DEBUG Input                - Registered new binding: Toggle Debug Camera - CTRL+7
23:43:33.377 [JavaFX Application Thread] DEBUG LoopRunner           - Starting loop
23:43:33.377 [JavaFX Application Thread] DEBUG LoopRunner           - Initializing JavaFX AnimationTimerLoop
23:43:33.378 [JavaFX Application Thread] DEBUG GameApplicationServi - Starting new game
23:43:33.379 [JavaFX Application Thread] DEBUG Input                - Clearing active input actions
23:43:33.392 [JavaFX Application Thread] DEBUG GameApplicationServi - Removing overlay from FXGLStartupScene and adding to FXGLLoadingScene
23:43:33.392 [JavaFX Application Thread] DEBUG PrimaryStageWindow   - FXGLStartupScene -> FXGLLoadingScene
23:43:33.393 [JavaFX Application Thread] DEBUG GameApplicationServi - Clearing previous game
23:43:33.393 [JavaFX Application Thread] DEBUG GameScene            - Clearing game scene
23:43:33.393 [JavaFX Application Thread] DEBUG GameWorld            - Clearing game world
23:43:33.393 [JavaFX Application Thread] DEBUG PhysicsWorld         - Clearing physics world
23:43:33.394 [FXGL Background Thread 4 ] DEBUG FXGLApplication      - Initializing game
23:43:33.420 [FXGL Background Thread 4 ] DEBUG FXGLAssetLoaderServi - Loading from file system: file:/Users/konstantinstaykov/Public/sandbox/fxgl-playground/demo/build/resources/main/assets/ui/main.fxml
23:43:33.438 [JavaFX Application Thread] DEBUG FXGLApplication      - Registering font factories with UI factory
23:43:33.455 [FXGL Background Thread 4 ] WARN  FXGLAssetLoaderServi - Failed to load file:/Users/konstantinstaykov/Public/sandbox/fxgl-playground/demo/build/resources/main/assets/ui/main.fxml
javafx.fxml.LoadException: Controller value already specified.
unknown path:6

	at javafx.fxml/javafx.fxml.FXMLLoader.constructLoadException(FXMLLoader.java:2703)
	at javafx.fxml/javafx.fxml.FXMLLoader$ValueElement.processAttribute(FXMLLoader.java:925)
	at javafx.fxml/javafx.fxml.FXMLLoader$InstanceDeclarationElement.processAttribute(FXMLLoader.java:981)
	at javafx.fxml/javafx.fxml.FXMLLoader$Element.processStartElement(FXMLLoader.java:230)
	at javafx.fxml/javafx.fxml.FXMLLoader$ValueElement.processStartElement(FXMLLoader.java:755)
	at javafx.fxml/javafx.fxml.FXMLLoader.processStartElement(FXMLLoader.java:2808)
	at javafx.fxml/javafx.fxml.FXMLLoader.loadImpl(FXMLLoader.java:2634)
	at javafx.fxml/javafx.fxml.FXMLLoader.load(FXMLLoader.java:2532)
	at com.almasb.fxgl.app.services.UIAssetLoader.load(FXGLAssetLoaderService.kt:767)
	at com.almasb.fxgl.app.services.UIAssetLoader.load(FXGLAssetLoaderService.kt:757)
	at com.almasb.fxgl.app.services.FXGLAssetLoaderService.load(FXGLAssetLoaderService.kt:530)
	at com.almasb.fxgl.app.services.FXGLAssetLoaderService.loadUI(FXGLAssetLoaderService.kt:460)
	at com.example.demo.PongApp.initUI(PongApp.java:122)
	at com.almasb.fxgl.app.FXGLApplication$InitAppTask.call(FXGLApplication.kt:321)
	at com.almasb.fxgl.app.FXGLApplication$InitAppTask.call(FXGLApplication.kt:311)
	at javafx.graphics/javafx.concurrent.Task$TaskCallable.call(Task.java:1426)
	at java.base/java.util.concurrent.FutureTask.run(FutureTask.java:264)
	at java.base/java.util.concurrent.Executors$RunnableAdapter.call(Executors.java:539)
	at java.base/java.util.concurrent.FutureTask.run(FutureTask.java:264)
	at java.base/java.util.concurrent.ThreadPoolExecutor.runWorker(ThreadPoolExecutor.java:1136)
	at java.base/java.util.concurrent.ThreadPoolExecutor$Worker.run(ThreadPoolExecutor.java:635)
	at java.base/java.lang.Thread.run(Thread.java:833)

23:43:33.458 [FXGL Background Thread 4 ] INFO  FXGLApplication      - Game initialization took: 0.064 sec
23:43:33.484 [JavaFX Application Thread] DEBUG Input                - Clearing active input actions
23:43:33.491 [JavaFX Application Thread] DEBUG GameApplicationServi - Removing overlay from FXGLLoadingScene and adding to GameScene
23:43:33.491 [JavaFX Application Thread] DEBUG PrimaryStageWindow   - FXGLLoadingScene -> GameScene
23:43:34.140 [JavaFX Application Thread] DEBUG FXGLAssetLoaderServi - Loading from file system: file:/Users/konstantinstaykov/Public/sandbox/fxgl-playground/demo/build/resources/main/assets/sounds/hit_bat.wav
23:43:34.591 [JavaFX Application Thread] DEBUG FXGLAssetLoaderServi - Loading from file system: file:/Users/konstantinstaykov/Public/sandbox/fxgl-playground/demo/build/resources/main/assets/sounds/hit_wall.wav
23:43:36.322 [FXGL Background Thread 3 ] DEBUG Engine               - Logging environment variables
23:43:36.323 [FXGL Background Thread 3 ] DEBUG Engine               - achievements: []
23:43:36.323 [FXGL Background Thread 3 ] DEBUG Engine               - actualHeight: 600.0
23:43:36.323 [FXGL Background Thread 3 ] DEBUG Engine               - actualHeightProperty: ReadOnlyDoubleProperty [value: 600.0]
23:43:36.323 [FXGL Background Thread 3 ] DEBUG Engine               - actualWidth: 800.0
23:43:36.323 [FXGL Background Thread 3 ] DEBUG Engine               - actualWidthProperty: ReadOnlyDoubleProperty [value: 800.0]
23:43:36.323 [FXGL Background Thread 3 ] DEBUG Engine               - appIcon: fxgl_icon.png
23:43:36.323 [FXGL Background Thread 3 ] DEBUG Engine               - applicationMode: DEVELOPER
23:43:36.323 [FXGL Background Thread 3 ] DEBUG Engine               - cSSList: [fxgl_dark.css]
23:43:36.323 [FXGL Background Thread 3 ] DEBUG Engine               - collisionDetectionStrategy: BRUTE_FORCE
23:43:36.323 [FXGL Background Thread 3 ] DEBUG Engine               - configClass: Optional.empty
23:43:36.324 [FXGL Background Thread 3 ] DEBUG Engine               - credits: []
23:43:36.324 [FXGL Background Thread 3 ] DEBUG Engine               - defaultCursor: CursorInfo(imageName=fxgl_default_cursor.png, hotspotX=7.0, hotspotY=6.0)
23:43:36.324 [FXGL Background Thread 3 ] DEBUG Engine               - devBBoxColorProperty: ObjectProperty [value: 0xff0000ff]
23:43:36.324 [FXGL Background Thread 3 ] DEBUG Engine               - devEnableDebugCameraProperty: BooleanProperty [value: false]
23:43:36.324 [FXGL Background Thread 3 ] DEBUG Engine               - devSensorColorProperty: ObjectProperty [value: 0xffff00ff]
23:43:36.324 [FXGL Background Thread 3 ] DEBUG Engine               - devShowBBoxProperty: BooleanProperty [value: false]
23:43:36.324 [FXGL Background Thread 3 ] DEBUG Engine               - devShowPositionProperty: BooleanProperty [value: false]
23:43:36.324 [FXGL Background Thread 3 ] DEBUG Engine               - enabledMenuItems: []
23:43:36.324 [FXGL Background Thread 3 ] DEBUG Engine               - engineServices: [class com.almasb.fxgl.app.services.FXGLAssetLoaderService, class com.almasb.fxgl.app.FXGLApplication$GameApplicationService, class com.almasb.fxgl.app.services.FXGLDialogService, class com.almasb.fxgl.app.services.IOTaskExecutorService, class com.almasb.fxgl.io.FileSystemService, class com.almasb.fxgl.localization.LocalizationService, class com.almasb.fxgl.app.services.SystemBundleService, class com.almasb.fxgl.profile.SaveLoadService, class com.almasb.fxgl.ui.FXGLUIFactoryServiceProvider, class com.almasb.fxgl.ui.FXGLDialogFactoryServiceProvider, class com.almasb.fxgl.audio.AudioPlayer, class com.almasb.fxgl.notification.impl.NotificationServiceProvider, class com.almasb.fxgl.achievement.AchievementService, class com.almasb.fxgl.cutscene.CutsceneService, class com.almasb.fxgl.minigames.MiniGameService, class com.almasb.fxgl.net.NetService, class com.almasb.fxgl.app.services.UpdaterService, class com.almasb.fxgl.dev.DevService]
23:43:36.325 [FXGL Background Thread 3 ] DEBUG Engine               - fontGame: Abel-Regular.ttf
23:43:36.325 [FXGL Background Thread 3 ] DEBUG Engine               - fontMono: TerminalLandMono-Regular.otf
23:43:36.325 [FXGL Background Thread 3 ] DEBUG Engine               - fontText: Courier-Prime.ttf
23:43:36.325 [FXGL Background Thread 3 ] DEBUG Engine               - fontUI: VarelaRound-Regular.ttf
23:43:36.325 [FXGL Background Thread 3 ] DEBUG Engine               - fullScreen: BooleanProperty [value: false]
23:43:36.325 [FXGL Background Thread 3 ] DEBUG Engine               - gameDifficulty: MEDIUM
23:43:36.325 [FXGL Background Thread 3 ] DEBUG Engine               - gameDifficultyProperty: ObjectProperty [value: MEDIUM]
23:43:36.325 [FXGL Background Thread 3 ] DEBUG Engine               - globalMusicVolume: 0.5
23:43:36.325 [FXGL Background Thread 3 ] DEBUG Engine               - globalMusicVolumeProperty: DoubleProperty [value: 0.5]
23:43:36.325 [FXGL Background Thread 3 ] DEBUG Engine               - globalSoundVolume: 0.5
23:43:36.325 [FXGL Background Thread 3 ] DEBUG Engine               - globalSoundVolumeProperty: DoubleProperty [value: 0.5]
23:43:36.325 [FXGL Background Thread 3 ] DEBUG Engine               - height: 600
23:43:36.325 [FXGL Background Thread 3 ] DEBUG Engine               - is3D: false
23:43:36.325 [FXGL Background Thread 3 ] DEBUG Engine               - isAndroid: false
23:43:36.326 [FXGL Background Thread 3 ] DEBUG Engine               - isBrowser: false
23:43:36.326 [FXGL Background Thread 3 ] DEBUG Engine               - isClickFeedbackEnabled: false
23:43:36.326 [FXGL Background Thread 3 ] DEBUG Engine               - isCloseConfirmation: false
23:43:36.326 [FXGL Background Thread 3 ] DEBUG Engine               - isDesktop: true
23:43:36.326 [FXGL Background Thread 3 ] DEBUG Engine               - isDeveloperMenuEnabled: false
23:43:36.326 [FXGL Background Thread 3 ] DEBUG Engine               - isEmbedded: false
23:43:36.326 [FXGL Background Thread 3 ] DEBUG Engine               - isEntityPreloadEnabled: true
23:43:36.326 [FXGL Background Thread 3 ] DEBUG Engine               - isExperimentalTiledLargeMap: false
23:43:36.326 [FXGL Background Thread 3 ] DEBUG Engine               - isFileSystemWriteAllowed: true
23:43:36.326 [FXGL Background Thread 3 ] DEBUG Engine               - isFullScreenAllowed: false
23:43:36.326 [FXGL Background Thread 3 ] DEBUG Engine               - isFullScreenFromStart: false
23:43:36.326 [FXGL Background Thread 3 ] DEBUG Engine               - isGameMenuEnabled: true
23:43:36.326 [FXGL Background Thread 3 ] DEBUG Engine               - isIOS: false
23:43:36.326 [FXGL Background Thread 3 ] DEBUG Engine               - isIntroEnabled: false
23:43:36.326 [FXGL Background Thread 3 ] DEBUG Engine               - isLinux: false
23:43:36.326 [FXGL Background Thread 3 ] DEBUG Engine               - isMac: true
23:43:36.326 [FXGL Background Thread 3 ] DEBUG Engine               - isMainMenuEnabled: false
23:43:36.326 [FXGL Background Thread 3 ] DEBUG Engine               - isManualResizeEnabled: false
23:43:36.327 [FXGL Background Thread 3 ] DEBUG Engine               - isMobile: false
23:43:36.327 [FXGL Background Thread 3 ] DEBUG Engine               - isNative: false
23:43:36.327 [FXGL Background Thread 3 ] DEBUG Engine               - isPauseMusicWhenMinimized: true
23:43:36.327 [FXGL Background Thread 3 ] DEBUG Engine               - isPreserveResizeRatio: false
23:43:36.327 [FXGL Background Thread 3 ] DEBUG Engine               - isProfilingEnabled: false
23:43:36.327 [FXGL Background Thread 3 ] DEBUG Engine               - isScaleAffectedOnResize: true
23:43:36.327 [FXGL Background Thread 3 ] DEBUG Engine               - isSingleStep: false
23:43:36.327 [FXGL Background Thread 3 ] DEBUG Engine               - isUserProfileEnabled: false
23:43:36.327 [FXGL Background Thread 3 ] DEBUG Engine               - isWindows: false
23:43:36.327 [FXGL Background Thread 3 ] DEBUG Engine               - language: ObjectProperty [value: ENGLISH]
23:43:36.327 [FXGL Background Thread 3 ] DEBUG Engine               - menuKey: ESCAPE
23:43:36.327 [FXGL Background Thread 3 ] DEBUG Engine               - mouseSensitivity: 0.2
23:43:36.327 [FXGL Background Thread 3 ] DEBUG Engine               - notificationViewClass: class com.almasb.fxgl.notification.view.XboxNotificationView
23:43:36.327 [FXGL Background Thread 3 ] DEBUG Engine               - pixelsPerMeter: 50.0
23:43:36.327 [FXGL Background Thread 3 ] DEBUG Engine               - platform: MAC
23:43:36.328 [FXGL Background Thread 3 ] DEBUG Engine               - prefHeightProperty: ReadOnlyDoubleProperty [value: 600.0]
23:43:36.328 [FXGL Background Thread 3 ] DEBUG Engine               - prefWidthProperty: ReadOnlyDoubleProperty [value: 800.0]
23:43:36.328 [FXGL Background Thread 3 ] DEBUG Engine               - profileDir: profiles/
23:43:36.328 [FXGL Background Thread 3 ] DEBUG Engine               - profileName: StringProperty [value: DEFAULT]
23:43:36.328 [FXGL Background Thread 3 ] DEBUG Engine               - randomSeed: -1
23:43:36.328 [FXGL Background Thread 3 ] DEBUG Engine               - runtimeInfo: RuntimeInfo(platform=MAC, version=17.2, build=20.08.2022 16.50)
23:43:36.328 [FXGL Background Thread 3 ] DEBUG Engine               - saveFileExt: sav
23:43:36.328 [FXGL Background Thread 3 ] DEBUG Engine               - scaledHeightProp$fxgl: DoubleProperty [bound, value: 600.0]
23:43:36.328 [FXGL Background Thread 3 ] DEBUG Engine               - scaledWidthProp$fxgl: DoubleProperty [bound, value: 800.0]
23:43:36.328 [FXGL Background Thread 3 ] DEBUG Engine               - sceneFactory: com.almasb.fxgl.app.scene.SceneFactory@d258ab4
23:43:36.328 [FXGL Background Thread 3 ] DEBUG Engine               - secondsIn24h: 60
23:43:36.328 [FXGL Background Thread 3 ] DEBUG Engine               - soundMenuBack: menu/back.wav
23:43:36.329 [FXGL Background Thread 3 ] DEBUG Engine               - soundMenuPress: menu/press.wav
23:43:36.329 [FXGL Background Thread 3 ] DEBUG Engine               - soundMenuSelect: menu/select.wav
23:43:36.329 [FXGL Background Thread 3 ] DEBUG Engine               - soundNotification: core/notification.wav
23:43:36.329 [FXGL Background Thread 3 ] DEBUG Engine               - stageStyle: DECORATED
23:43:36.329 [FXGL Background Thread 3 ] DEBUG Engine               - supportedLanguages: [ENGLISH, FRENCH, GERMAN, HUNGARIAN, RUSSIAN]
23:43:36.329 [FXGL Background Thread 3 ] DEBUG Engine               - ticksPerSecond: -1
23:43:36.329 [FXGL Background Thread 3 ] DEBUG Engine               - title: Pong
23:43:36.329 [FXGL Background Thread 3 ] DEBUG Engine               - urlGithub: https://github.com/AlmasB/FXGL
23:43:36.329 [FXGL Background Thread 3 ] DEBUG Engine               - urlLeaderboard: http://fxgl-top.herokuapp.com/
23:43:36.329 [FXGL Background Thread 3 ] DEBUG Engine               - urlPOM: https://raw.githubusercontent.com/AlmasB/FXGL/release/README.md
23:43:36.329 [FXGL Background Thread 3 ] DEBUG Engine               - userAppClass: class com.example.demo.PongApp
23:43:36.329 [FXGL Background Thread 3 ] DEBUG Engine               - version: 1.0
23:43:36.329 [FXGL Background Thread 3 ] DEBUG Engine               - versionCheckDays: 7
23:43:36.329 [FXGL Background Thread 3 ] DEBUG Engine               - width: 800
23:43:36.329 [FXGL Background Thread 3 ] DEBUG Engine               - Logging services
23:43:36.329 [FXGL Background Thread 3 ] DEBUG Engine               - class com.almasb.fxgl.app.services.FXGLAssetLoaderService
23:43:36.329 [FXGL Background Thread 3 ] DEBUG Engine               - class com.almasb.fxgl.app.FXGLApplication$GameApplicationService
23:43:36.329 [FXGL Background Thread 3 ] DEBUG Engine               - class com.almasb.fxgl.app.services.FXGLDialogService
23:43:36.329 [FXGL Background Thread 3 ] DEBUG Engine               - class com.almasb.fxgl.app.services.IOTaskExecutorService
23:43:36.329 [FXGL Background Thread 3 ] DEBUG Engine               - class com.almasb.fxgl.io.FileSystemService
23:43:36.329 [FXGL Background Thread 3 ] DEBUG Engine               - class com.almasb.fxgl.localization.LocalizationService
23:43:36.329 [FXGL Background Thread 3 ] DEBUG Engine               - class com.almasb.fxgl.app.services.SystemBundleService
23:43:36.329 [FXGL Background Thread 3 ] DEBUG Engine               - class com.almasb.fxgl.profile.SaveLoadService
23:43:36.329 [FXGL Background Thread 3 ] DEBUG Engine               - class com.almasb.fxgl.ui.FXGLUIFactoryServiceProvider
23:43:36.329 [FXGL Background Thread 3 ] DEBUG Engine               - class com.almasb.fxgl.ui.FXGLDialogFactoryServiceProvider
23:43:36.329 [FXGL Background Thread 3 ] DEBUG Engine               - class com.almasb.fxgl.audio.AudioPlayer
23:43:36.329 [FXGL Background Thread 3 ] DEBUG Engine               - class com.almasb.fxgl.notification.impl.NotificationServiceProvider
23:43:36.329 [FXGL Background Thread 3 ] DEBUG Engine               - class com.almasb.fxgl.achievement.AchievementService
23:43:36.330 [FXGL Background Thread 3 ] DEBUG Engine               - class com.almasb.fxgl.cutscene.CutsceneService
23:43:36.330 [FXGL Background Thread 3 ] DEBUG Engine               - class com.almasb.fxgl.minigames.MiniGameService
23:43:36.330 [FXGL Background Thread 3 ] DEBUG Engine               - class com.almasb.fxgl.net.NetService
23:43:36.330 [FXGL Background Thread 3 ] DEBUG Engine               - class com.almasb.fxgl.app.services.UpdaterService
23:43:36.330 [FXGL Background Thread 3 ] DEBUG Engine               - class com.almasb.fxgl.dev.DevService
23:43:51.968 [JavaFX Application Thread] DEBUG FXGLApplication      - Exiting FXGL
23:43:51.968 [JavaFX Application Thread] DEBUG LoopRunner           - Stopping loop
23:43:51.968 [JavaFX Application Thread] DEBUG SystemBundleService  - Saving FXGL system data
23:43:51.970 [JavaFX Application Thread] DEBUG FileSystemAccess     - Writing to: /Users/konstantinstaykov/Public/sandbox/fxgl-playground/demo/system/fxgl.bundle
23:43:51.972 [JavaFX Application Thread] DEBUG Async                - Shutting down background threads
23:43:51.972 [JavaFX Application Thread] DEBUG PrimaryStageWindow   - Closing main window
23:43:51.979 [JavaFX Application Thread] DEBUG Logger               - Closing Logger
