23:41:25.901 [main                     ] DEBUG Logger               - Configured Logger
23:41:25.929 [main                     ] DEBUG GameApplication      - Logging settings
Title: Pong
Version: 1.0
Width: 800
Height: 600
Fullscreen: false
Intro: false
Profiling: false
Single step:false
App Mode: DEVELOPER
Menu Key: ESCAPE
Stage Style: DECORATED
Scene Factory: class com.almasb.fxgl.app.scene.SceneFactory

23:41:27.893 [JavaFX Application Thread] DEBUG FXGLApplication      - Initializing FXGL
23:41:27.897 [JavaFX Application Thread] INFO  Engine               - FXGL-17.2 (20.08.2022 16.50) on MAC (J:17.0.4.1 FX:17.0.2-ea)
23:41:27.898 [JavaFX Application Thread] DEBUG Engine               - JRE Vendor Name: Azul Systems, Inc.
23:41:27.898 [JavaFX Application Thread] DEBUG Engine               - Running on OS: Mac OS X version 13.0.1
23:41:27.898 [JavaFX Application Thread] DEBUG Engine               - Architecture: x86_64
23:41:27.898 [JavaFX Application Thread] INFO  Engine               - Source code and latest versions at: https://github.com/AlmasB/FXGL
23:41:27.898 [JavaFX Application Thread] INFO  Engine               -       Ask questions and discuss at: https://github.com/AlmasB/FXGL/discussions
23:41:27.899 [JavaFX Application Thread] INFO  Engine               -              Join the FXGL chat at: https://gitter.im/AlmasB/FXGL
23:41:27.981 [JavaFX Application Thread] DEBUG PrimaryStageWindow   - Creating a JavaFX scene
23:41:28.016 [JavaFX Application Thread] DEBUG PrimaryStageWindow   - Target settings size: 800.0 x 600.0
23:41:28.016 [JavaFX Application Thread] DEBUG PrimaryStageWindow   - Scaled scene size:    800.0 x 600.0
23:41:28.017 [JavaFX Application Thread] DEBUG PrimaryStageWindow   - Scaled ratio: (1.0, 1.0)
23:41:28.017 [JavaFX Application Thread] DEBUG PrimaryStageWindow   - Set initial scene to FXGLStartupScene
23:41:28.022 [JavaFX Application Thread] DEBUG PrimaryStageWindow   - Opening main window
23:41:28.076 [JavaFX Application Thread] DEBUG PrimaryStageWindow   - Window border size: (0.0, 28.0)
23:41:28.077 [JavaFX Application Thread] DEBUG PrimaryStageWindow   - Scaled size: 800.0 x 600.0
23:41:28.077 [JavaFX Application Thread] DEBUG PrimaryStageWindow   - Scaled ratio: (1.0, 1.0)
23:41:28.077 [JavaFX Application Thread] DEBUG PrimaryStageWindow   - Scene size: 800.0 x 600.0
23:41:28.077 [JavaFX Application Thread] DEBUG PrimaryStageWindow   - Stage size: 800.0 x 628.0
23:41:28.083 [FXGL Background Thread 1 ] DEBUG Engine               - Initializing environment variables
23:41:28.115 [FXGL Background Thread 1 ] DEBUG FXGLAssetLoaderServi - User app class for loading assets: class com.example.demo.PongApp
23:41:28.116 [FXGL Background Thread 1 ] DEBUG GameApplicationServi - Applying CSS: fxgl_dark.css
23:41:28.117 [FXGL Background Thread 1 ] DEBUG FXGLAssetLoaderServi - Loading from file system: jar:file:/Users/konstantinstaykov/.gradle/caches/modules-2/files-2.1/com.github.almasb/fxgl/17.2/35db6ae960eec2dcfd19262d3b7f9c42f0e95bc3/fxgl-17.2.jar!/fxglassets/ui/css/fxgl_dark.css
23:41:28.155 [FXGL Background Thread 1 ] DEBUG GameApplicationServi - Initializing application scenes
23:41:28.230 [FXGL Background Thread 1 ] DEBUG GameWorld            - Game world initialized
23:41:28.273 [FXGL Background Thread 1 ] DEBUG PhysicsWorld         - Physics world initialized: appHeight=600, physics.ppm=50.0
23:41:28.273 [FXGL Background Thread 1 ] DEBUG PhysicsWorld         - Using strategy: BRUTE_FORCE
23:41:28.277 [FXGL Background Thread 1 ] DEBUG GameScene            - Game scene initialized: 800x600
23:41:28.288 [FXGL Background Thread 1 ] DEBUG FXGL.DefaultMenu     - createMenuBodyGameMenu()
23:41:28.303 [FXGL Background Thread 1 ] DEBUG FXGL.DefaultMenu     - createOptionsMenu()
23:41:28.313 [FXGL Background Thread 1 ] DEBUG FXGLAssetLoaderServi - Loading from file system: jar:file:/Users/konstantinstaykov/.gradle/caches/modules-2/files-2.1/com.github.almasb/fxgl/17.2/35db6ae960eec2dcfd19262d3b7f9c42f0e95bc3/fxgl-17.2.jar!/fxglassets/textures/particles/smoke.png
23:41:28.401 [FXGL Background Thread 1 ] DEBUG FXGLAssetLoaderServi - Loading from file system: jar:file:/Users/konstantinstaykov/.gradle/caches/modules-2/files-2.1/com.github.almasb/fxgl/17.2/35db6ae960eec2dcfd19262d3b7f9c42f0e95bc3/fxgl-17.2.jar!/fxglassets/textures/particles/trace_horizontal.png
23:41:28.422 [FXGL Background Thread 1 ] DEBUG GameApplicationServi - Application scenes initialized
23:41:28.433 [FXGL Background Thread 1 ] DEBUG SystemBundleService  - Loading FXGL system data
23:41:28.437 [FXGL Background Thread 1 ] DEBUG FileSystemAccess     - Reading from: /Users/konstantinstaykov/Public/sandbox/fxgl-playground/demo/system/fxgl.bundle
23:41:28.444 [FXGL Background Thread 1 ] DEBUG SystemBundleService  - Bundle FXGL: {}
23:41:28.444 [FXGL Background Thread 1 ] DEBUG UpdaterService       - Checking for updates
23:41:28.448 [FXGL Background Thread 4 ] DEBUG FXGLApplication      - Loading fonts
23:41:28.448 [FXGL Background Thread 4 ] DEBUG FXGLAssetLoaderServi - Loading from file system: jar:file:/Users/konstantinstaykov/.gradle/caches/modules-2/files-2.1/com.github.almasb/fxgl/17.2/35db6ae960eec2dcfd19262d3b7f9c42f0e95bc3/fxgl-17.2.jar!/fxglassets/ui/fonts/VarelaRound-Regular.ttf
23:41:28.449 [FXGL Background Thread 1 ] DEBUG FXGLApplication      - Loading default localization
23:41:28.450 [FXGL Background Thread 1 ] DEBUG FXGLAssetLoaderServi - Loading from file system: jar:file:/Users/konstantinstaykov/.gradle/caches/modules-2/files-2.1/com.github.almasb/fxgl/17.2/35db6ae960eec2dcfd19262d3b7f9c42f0e95bc3/fxgl-17.2.jar!/fxglassets/languages/english.lang
23:41:28.463 [FXGL Background Thread 4 ] DEBUG FXGLAssetLoaderServi - Loading from file system: jar:file:/Users/konstantinstaykov/.gradle/caches/modules-2/files-2.1/com.github.almasb/fxgl/17.2/35db6ae960eec2dcfd19262d3b7f9c42f0e95bc3/fxgl-17.2.jar!/fxglassets/ui/fonts/Abel-Regular.ttf
23:41:28.466 [FXGL Background Thread 4 ] DEBUG FXGLAssetLoaderServi - Loading from file system: jar:file:/Users/konstantinstaykov/.gradle/caches/modules-2/files-2.1/com.github.almasb/fxgl/17.2/35db6ae960eec2dcfd19262d3b7f9c42f0e95bc3/fxgl-17.2.jar!/fxglassets/ui/fonts/TerminalLandMono-Regular.otf
23:41:28.468 [FXGL Background Thread 1 ] INFO  FXGLApplication      - FXGL initialization took: 0.385 sec
23:41:28.470 [FXGL Background Thread 4 ] DEBUG FXGLAssetLoaderServi - Loading from file system: jar:file:/Users/konstantinstaykov/.gradle/caches/modules-2/files-2.1/com.github.almasb/fxgl/17.2/35db6ae960eec2dcfd19262d3b7f9c42f0e95bc3/fxgl-17.2.jar!/fxglassets/ui/fonts/Courier-Prime.ttf
23:41:28.476 [JavaFX Application Thread] DEBUG Input                - Registered new binding: Up - W
23:41:28.476 [JavaFX Application Thread] DEBUG Input                - Registered new binding: Down - S
23:41:28.477 [JavaFX Application Thread] DEBUG FXGLAssetLoaderServi - Loading from file system: jar:file:/Users/konstantinstaykov/.gradle/caches/modules-2/files-2.1/com.github.almasb/fxgl/17.2/35db6ae960eec2dcfd19262d3b7f9c42f0e95bc3/fxgl-17.2.jar!/fxglassets/textures/fxgl_icon.png
23:41:28.504 [JavaFX Application Thread] DEBUG FXGLAssetLoaderServi - Loading from file system: jar:file:/Users/konstantinstaykov/.gradle/caches/modules-2/files-2.1/com.github.almasb/fxgl/17.2/35db6ae960eec2dcfd19262d3b7f9c42f0e95bc3/fxgl-17.2.jar!/fxglassets/textures/fxgl_default_cursor.png
23:41:28.505 [JavaFX Application Thread] DEBUG Input                - Registered new binding: Screenshot - CTRL+8
23:41:28.506 [JavaFX Application Thread] DEBUG Input                - Registered new binding: System info dump - CTRL+9
23:41:28.506 [JavaFX Application Thread] DEBUG Input                - Registered new binding: Restart - CTRL+R
23:41:28.507 [JavaFX Application Thread] DEBUG Input                - Registered new binding: Toggle Debug Camera - CTRL+7
23:41:28.508 [JavaFX Application Thread] DEBUG LoopRunner           - Starting loop
23:41:28.509 [JavaFX Application Thread] DEBUG LoopRunner           - Initializing JavaFX AnimationTimerLoop
23:41:28.510 [JavaFX Application Thread] DEBUG GameApplicationServi - Starting new game
23:41:28.510 [JavaFX Application Thread] DEBUG Input                - Clearing active input actions
23:41:28.525 [JavaFX Application Thread] DEBUG GameApplicationServi - Removing overlay from FXGLStartupScene and adding to FXGLLoadingScene
23:41:28.526 [JavaFX Application Thread] DEBUG PrimaryStageWindow   - FXGLStartupScene -> FXGLLoadingScene
23:41:28.526 [JavaFX Application Thread] DEBUG GameApplicationServi - Clearing previous game
23:41:28.526 [JavaFX Application Thread] DEBUG GameScene            - Clearing game scene
23:41:28.526 [JavaFX Application Thread] DEBUG GameWorld            - Clearing game world
23:41:28.526 [JavaFX Application Thread] DEBUG PhysicsWorld         - Clearing physics world
23:41:28.527 [FXGL Background Thread 4 ] DEBUG FXGLApplication      - Initializing game
23:41:28.553 [FXGL Background Thread 4 ] DEBUG FXGLAssetLoaderServi - Loading from file system: file:/Users/konstantinstaykov/Public/sandbox/fxgl-playground/demo/build/resources/main/assets/ui/main.fxml
23:41:28.573 [JavaFX Application Thread] DEBUG FXGLApplication      - Registering font factories with UI factory
23:41:28.583 [FXGL Background Thread 4 ] WARN  FXGLAssetLoaderServi - Failed to load file:/Users/konstantinstaykov/Public/sandbox/fxgl-playground/demo/build/resources/main/assets/ui/main.fxml
javafx.fxml.LoadException: Controller value already specified.
unknown path:6

	at javafx.fxml/javafx.fxml.FXMLLoader.constructLoadException(FXMLLoader.java:2703)
	at javafx.fxml/javafx.fxml.FXMLLoader$ValueElement.processAttribute(FXMLLoader.java:925)
	at javafx.fxml/javafx.fxml.FXMLLoader$InstanceDeclarationElement.processAttribute(FXMLLoader.java:981)
	at javafx.fxml/javafx.fxml.FXMLLoader$Element.processStartElement(FXMLLoader.java:230)
	at javafx.fxml/javafx.fxml.FXMLLoader$ValueElement.processStartElement(FXMLLoader.java:755)
	at javafx.fxml/javafx.fxml.FXMLLoader.processStartElement(FXMLLoader.java:2808)
	at javafx.fxml/javafx.fxml.FXMLLoader.loadImpl(FXMLLoader.java:2634)
	at javafx.fxml/javafx.fxml.FXMLLoader.load(FXMLLoader.java:2532)
	at com.almasb.fxgl.app.services.UIAssetLoader.load(FXGLAssetLoaderService.kt:767)
	at com.almasb.fxgl.app.services.UIAssetLoader.load(FXGLAssetLoaderService.kt:757)
	at com.almasb.fxgl.app.services.FXGLAssetLoaderService.load(FXGLAssetLoaderService.kt:530)
	at com.almasb.fxgl.app.services.FXGLAssetLoaderService.loadUI(FXGLAssetLoaderService.kt:460)
	at com.example.demo.PongApp.initUI(PongApp.java:122)
	at com.almasb.fxgl.app.FXGLApplication$InitAppTask.call(FXGLApplication.kt:321)
	at com.almasb.fxgl.app.FXGLApplication$InitAppTask.call(FXGLApplication.kt:311)
	at javafx.graphics/javafx.concurrent.Task$TaskCallable.call(Task.java:1426)
	at java.base/java.util.concurrent.FutureTask.run(FutureTask.java:264)
	at java.base/java.util.concurrent.Executors$RunnableAdapter.call(Executors.java:539)
	at java.base/java.util.concurrent.FutureTask.run(FutureTask.java:264)
	at java.base/java.util.concurrent.ThreadPoolExecutor.runWorker(ThreadPoolExecutor.java:1136)
	at java.base/java.util.concurrent.ThreadPoolExecutor$Worker.run(ThreadPoolExecutor.java:635)
	at java.base/java.lang.Thread.run(Thread.java:833)

23:41:28.613 [JavaFX Application Thread] DEBUG LoopRunner           - Stopping loop
23:41:28.613 [JavaFX Application Thread] FATAL FXGLApplication      - Uncaught Exception:
java.lang.RuntimeException: Initialization failed
	at com.almasb.fxgl.app.FXGLApplication$InitAppTask.failed(FXGLApplication.kt:343)
	at javafx.graphics/javafx.concurrent.Task.setState(Task.java:710)
	at javafx.graphics/javafx.concurrent.Task$TaskCallable.lambda$call$2(Task.java:1456)
	at javafx.graphics/com.sun.javafx.application.PlatformImpl.lambda$runLater$10(PlatformImpl.java:457)
	at java.base/java.security.AccessController.doPrivileged(AccessController.java:399)
	at javafx.graphics/com.sun.javafx.application.PlatformImpl.lambda$runLater$11(PlatformImpl.java:456)
	at javafx.graphics/com.sun.glass.ui.InvokeLaterDispatcher$Future.run(InvokeLaterDispatcher.java:96)
Caused by: java.lang.NullPointerException: Cannot invoke "javafx.scene.control.Label.textProperty()" because the return value of "com.example.demo.MainUIController.getLabelScorePlayer()" is null
	at com.example.demo.PongApp.initUI(PongApp.java:124)
	at com.almasb.fxgl.app.FXGLApplication$InitAppTask.call(FXGLApplication.kt:321)
	at com.almasb.fxgl.app.FXGLApplication$InitAppTask.call(FXGLApplication.kt:311)
	at javafx.graphics/javafx.concurrent.Task$TaskCallable.call(Task.java:1426)
	at java.base/java.util.concurrent.FutureTask.run(FutureTask.java:264)
	at java.base/java.util.concurrent.Executors$RunnableAdapter.call(Executors.java:539)
	at java.base/java.util.concurrent.FutureTask.run(FutureTask.java:264)
	at java.base/java.util.concurrent.ThreadPoolExecutor.runWorker(ThreadPoolExecutor.java:1136)
	at java.base/java.util.concurrent.ThreadPoolExecutor$Worker.run(ThreadPoolExecutor.java:635)
	at java.base/java.lang.Thread.run(Thread.java:833)

23:41:28.613 [JavaFX Application Thread] FATAL FXGLApplication      - Application will now exit
23:41:28.629 [JavaFX Application Thread] DEBUG PrimaryStageWindow   - Push state: ErrorSubScene
23:41:28.630 [JavaFX Application Thread] DEBUG Input                - Clearing active input actions
23:41:28.635 [JavaFX Application Thread] DEBUG GameApplicationServi - Removing overlay from FXGLLoadingScene and adding to ErrorSubScene
23:41:28.635 [JavaFX Application Thread] DEBUG PrimaryStageWindow   - FXGLLoadingScene -> ErrorSubScene
23:41:31.447 [FXGL Background Thread 3 ] DEBUG Engine               - Logging environment variables
23:41:31.448 [FXGL Background Thread 3 ] DEBUG Engine               - achievements: []
23:41:31.448 [FXGL Background Thread 3 ] DEBUG Engine               - actualHeight: 600.0
23:41:31.448 [FXGL Background Thread 3 ] DEBUG Engine               - actualHeightProperty: ReadOnlyDoubleProperty [value: 600.0]
23:41:31.448 [FXGL Background Thread 3 ] DEBUG Engine               - actualWidth: 800.0
23:41:31.449 [FXGL Background Thread 3 ] DEBUG Engine               - actualWidthProperty: ReadOnlyDoubleProperty [value: 800.0]
23:41:31.449 [FXGL Background Thread 3 ] DEBUG Engine               - appIcon: fxgl_icon.png
23:41:31.449 [FXGL Background Thread 3 ] DEBUG Engine               - applicationMode: DEVELOPER
23:41:31.449 [FXGL Background Thread 3 ] DEBUG Engine               - cSSList: [fxgl_dark.css]
23:41:31.449 [FXGL Background Thread 3 ] DEBUG Engine               - collisionDetectionStrategy: BRUTE_FORCE
23:41:31.449 [FXGL Background Thread 3 ] DEBUG Engine               - configClass: Optional.empty
23:41:31.449 [FXGL Background Thread 3 ] DEBUG Engine               - credits: []
23:41:31.450 [FXGL Background Thread 3 ] DEBUG Engine               - defaultCursor: CursorInfo(imageName=fxgl_default_cursor.png, hotspotX=7.0, hotspotY=6.0)
23:41:31.450 [FXGL Background Thread 3 ] DEBUG Engine               - devBBoxColorProperty: ObjectProperty [value: 0xff0000ff]
23:41:31.450 [FXGL Background Thread 3 ] DEBUG Engine               - devEnableDebugCameraProperty: BooleanProperty [value: false]
23:41:31.450 [FXGL Background Thread 3 ] DEBUG Engine               - devSensorColorProperty: ObjectProperty [value: 0xffff00ff]
23:41:31.450 [FXGL Background Thread 3 ] DEBUG Engine               - devShowBBoxProperty: BooleanProperty [value: false]
23:41:31.451 [FXGL Background Thread 3 ] DEBUG Engine               - devShowPositionProperty: BooleanProperty [value: false]
23:41:31.451 [FXGL Background Thread 3 ] DEBUG Engine               - enabledMenuItems: []
23:41:31.451 [FXGL Background Thread 3 ] DEBUG Engine               - engineServices: [class com.almasb.fxgl.app.services.FXGLAssetLoaderService, class com.almasb.fxgl.app.FXGLApplication$GameApplicationService, class com.almasb.fxgl.app.services.FXGLDialogService, class com.almasb.fxgl.app.services.IOTaskExecutorService, class com.almasb.fxgl.io.FileSystemService, class com.almasb.fxgl.localization.LocalizationService, class com.almasb.fxgl.app.services.SystemBundleService, class com.almasb.fxgl.profile.SaveLoadService, class com.almasb.fxgl.ui.FXGLUIFactoryServiceProvider, class com.almasb.fxgl.ui.FXGLDialogFactoryServiceProvider, class com.almasb.fxgl.audio.AudioPlayer, class com.almasb.fxgl.notification.impl.NotificationServiceProvider, class com.almasb.fxgl.achievement.AchievementService, class com.almasb.fxgl.cutscene.CutsceneService, class com.almasb.fxgl.minigames.MiniGameService, class com.almasb.fxgl.net.NetService, class com.almasb.fxgl.app.services.UpdaterService, class com.almasb.fxgl.dev.DevService]
23:41:31.451 [FXGL Background Thread 3 ] DEBUG Engine               - fontGame: Abel-Regular.ttf
23:41:31.451 [FXGL Background Thread 3 ] DEBUG Engine               - fontMono: TerminalLandMono-Regular.otf
23:41:31.451 [FXGL Background Thread 3 ] DEBUG Engine               - fontText: Courier-Prime.ttf
23:41:31.451 [FXGL Background Thread 3 ] DEBUG Engine               - fontUI: VarelaRound-Regular.ttf
23:41:31.451 [FXGL Background Thread 3 ] DEBUG Engine               - fullScreen: BooleanProperty [value: false]
23:41:31.452 [FXGL Background Thread 3 ] DEBUG Engine               - gameDifficulty: MEDIUM
23:41:31.452 [FXGL Background Thread 3 ] DEBUG Engine               - gameDifficultyProperty: ObjectProperty [value: MEDIUM]
23:41:31.452 [FXGL Background Thread 3 ] DEBUG Engine               - globalMusicVolume: 0.5
23:41:31.452 [FXGL Background Thread 3 ] DEBUG Engine               - globalMusicVolumeProperty: DoubleProperty [value: 0.5]
23:41:31.452 [FXGL Background Thread 3 ] DEBUG Engine               - globalSoundVolume: 0.5
23:41:31.452 [FXGL Background Thread 3 ] DEBUG Engine               - globalSoundVolumeProperty: DoubleProperty [value: 0.5]
23:41:31.452 [FXGL Background Thread 3 ] DEBUG Engine               - height: 600
23:41:31.452 [FXGL Background Thread 3 ] DEBUG Engine               - is3D: false
23:41:31.452 [FXGL Background Thread 3 ] DEBUG Engine               - isAndroid: false
23:41:31.452 [FXGL Background Thread 3 ] DEBUG Engine               - isBrowser: false
23:41:31.452 [FXGL Background Thread 3 ] DEBUG Engine               - isClickFeedbackEnabled: false
23:41:31.453 [FXGL Background Thread 3 ] DEBUG Engine               - isCloseConfirmation: false
23:41:31.453 [FXGL Background Thread 3 ] DEBUG Engine               - isDesktop: true
23:41:31.453 [FXGL Background Thread 3 ] DEBUG Engine               - isDeveloperMenuEnabled: false
23:41:31.453 [FXGL Background Thread 3 ] DEBUG Engine               - isEmbedded: false
23:41:31.453 [FXGL Background Thread 3 ] DEBUG Engine               - isEntityPreloadEnabled: true
23:41:31.453 [FXGL Background Thread 3 ] DEBUG Engine               - isExperimentalTiledLargeMap: false
23:41:31.453 [FXGL Background Thread 3 ] DEBUG Engine               - isFileSystemWriteAllowed: true
23:41:31.453 [FXGL Background Thread 3 ] DEBUG Engine               - isFullScreenAllowed: false
23:41:31.453 [FXGL Background Thread 3 ] DEBUG Engine               - isFullScreenFromStart: false
23:41:31.453 [FXGL Background Thread 3 ] DEBUG Engine               - isGameMenuEnabled: true
23:41:31.453 [FXGL Background Thread 3 ] DEBUG Engine               - isIOS: false
23:41:31.454 [FXGL Background Thread 3 ] DEBUG Engine               - isIntroEnabled: false
23:41:31.454 [FXGL Background Thread 3 ] DEBUG Engine               - isLinux: false
23:41:31.454 [FXGL Background Thread 3 ] DEBUG Engine               - isMac: true
23:41:31.454 [FXGL Background Thread 3 ] DEBUG Engine               - isMainMenuEnabled: false
23:41:31.454 [FXGL Background Thread 3 ] DEBUG Engine               - isManualResizeEnabled: false
23:41:31.454 [FXGL Background Thread 3 ] DEBUG Engine               - isMobile: false
23:41:31.454 [FXGL Background Thread 3 ] DEBUG Engine               - isNative: false
23:41:31.454 [FXGL Background Thread 3 ] DEBUG Engine               - isPauseMusicWhenMinimized: true
23:41:31.454 [FXGL Background Thread 3 ] DEBUG Engine               - isPreserveResizeRatio: false
23:41:31.454 [FXGL Background Thread 3 ] DEBUG Engine               - isProfilingEnabled: false
23:41:31.455 [FXGL Background Thread 3 ] DEBUG Engine               - isScaleAffectedOnResize: true
23:41:31.455 [FXGL Background Thread 3 ] DEBUG Engine               - isSingleStep: false
23:41:31.455 [FXGL Background Thread 3 ] DEBUG Engine               - isUserProfileEnabled: false
23:41:31.455 [FXGL Background Thread 3 ] DEBUG Engine               - isWindows: false
23:41:31.455 [FXGL Background Thread 3 ] DEBUG Engine               - language: ObjectProperty [value: ENGLISH]
23:41:31.455 [FXGL Background Thread 3 ] DEBUG Engine               - menuKey: ESCAPE
23:41:31.455 [FXGL Background Thread 3 ] DEBUG Engine               - mouseSensitivity: 0.2
23:41:31.455 [FXGL Background Thread 3 ] DEBUG Engine               - notificationViewClass: class com.almasb.fxgl.notification.view.XboxNotificationView
23:41:31.455 [FXGL Background Thread 3 ] DEBUG Engine               - pixelsPerMeter: 50.0
23:41:31.455 [FXGL Background Thread 3 ] DEBUG Engine               - platform: MAC
23:41:31.456 [FXGL Background Thread 3 ] DEBUG Engine               - prefHeightProperty: ReadOnlyDoubleProperty [value: 600.0]
23:41:31.456 [FXGL Background Thread 3 ] DEBUG Engine               - prefWidthProperty: ReadOnlyDoubleProperty [value: 800.0]
23:41:31.456 [FXGL Background Thread 3 ] DEBUG Engine               - profileDir: profiles/
23:41:31.456 [FXGL Background Thread 3 ] DEBUG Engine               - profileName: StringProperty [value: DEFAULT]
23:41:31.456 [FXGL Background Thread 3 ] DEBUG Engine               - randomSeed: -1
23:41:31.456 [FXGL Background Thread 3 ] DEBUG Engine               - runtimeInfo: RuntimeInfo(platform=MAC, version=17.2, build=20.08.2022 16.50)
23:41:31.456 [FXGL Background Thread 3 ] DEBUG Engine               - saveFileExt: sav
23:41:31.456 [FXGL Background Thread 3 ] DEBUG Engine               - scaledHeightProp$fxgl: DoubleProperty [bound, value: 600.0]
23:41:31.456 [FXGL Background Thread 3 ] DEBUG Engine               - scaledWidthProp$fxgl: DoubleProperty [bound, value: 800.0]
23:41:31.457 [FXGL Background Thread 3 ] DEBUG Engine               - sceneFactory: com.almasb.fxgl.app.scene.SceneFactory@2c876a75
23:41:31.457 [FXGL Background Thread 3 ] DEBUG Engine               - secondsIn24h: 60
23:41:31.457 [FXGL Background Thread 3 ] DEBUG Engine               - soundMenuBack: menu/back.wav
23:41:31.457 [FXGL Background Thread 3 ] DEBUG Engine               - soundMenuPress: menu/press.wav
23:41:31.457 [FXGL Background Thread 3 ] DEBUG Engine               - soundMenuSelect: menu/select.wav
23:41:31.457 [FXGL Background Thread 3 ] DEBUG Engine               - soundNotification: core/notification.wav
23:41:31.457 [FXGL Background Thread 3 ] DEBUG Engine               - stageStyle: DECORATED
23:41:31.457 [FXGL Background Thread 3 ] DEBUG Engine               - supportedLanguages: [ENGLISH, FRENCH, GERMAN, HUNGARIAN, RUSSIAN]
23:41:31.457 [FXGL Background Thread 3 ] DEBUG Engine               - ticksPerSecond: -1
23:41:31.457 [FXGL Background Thread 3 ] DEBUG Engine               - title: Pong
23:41:31.457 [FXGL Background Thread 3 ] DEBUG Engine               - urlGithub: https://github.com/AlmasB/FXGL
23:41:31.457 [FXGL Background Thread 3 ] DEBUG Engine               - urlLeaderboard: http://fxgl-top.herokuapp.com/
23:41:31.457 [FXGL Background Thread 3 ] DEBUG Engine               - urlPOM: https://raw.githubusercontent.com/AlmasB/FXGL/release/README.md
23:41:31.457 [FXGL Background Thread 3 ] DEBUG Engine               - userAppClass: class com.example.demo.PongApp
23:41:31.457 [FXGL Background Thread 3 ] DEBUG Engine               - version: 1.0
23:41:31.457 [FXGL Background Thread 3 ] DEBUG Engine               - versionCheckDays: 7
23:41:31.457 [FXGL Background Thread 3 ] DEBUG Engine               - width: 800
23:41:31.457 [FXGL Background Thread 3 ] DEBUG Engine               - Logging services
23:41:31.457 [FXGL Background Thread 3 ] DEBUG Engine               - class com.almasb.fxgl.app.services.FXGLAssetLoaderService
23:41:31.457 [FXGL Background Thread 3 ] DEBUG Engine               - class com.almasb.fxgl.app.FXGLApplication$GameApplicationService
23:41:31.458 [FXGL Background Thread 3 ] DEBUG Engine               - class com.almasb.fxgl.app.services.FXGLDialogService
23:41:31.458 [FXGL Background Thread 3 ] DEBUG Engine               - class com.almasb.fxgl.app.services.IOTaskExecutorService
23:41:31.458 [FXGL Background Thread 3 ] DEBUG Engine               - class com.almasb.fxgl.io.FileSystemService
23:41:31.458 [FXGL Background Thread 3 ] DEBUG Engine               - class com.almasb.fxgl.localization.LocalizationService
23:41:31.458 [FXGL Background Thread 3 ] DEBUG Engine               - class com.almasb.fxgl.app.services.SystemBundleService
23:41:31.458 [FXGL Background Thread 3 ] DEBUG Engine               - class com.almasb.fxgl.profile.SaveLoadService
23:41:31.458 [FXGL Background Thread 3 ] DEBUG Engine               - class com.almasb.fxgl.ui.FXGLUIFactoryServiceProvider
23:41:31.458 [FXGL Background Thread 3 ] DEBUG Engine               - class com.almasb.fxgl.ui.FXGLDialogFactoryServiceProvider
23:41:31.458 [FXGL Background Thread 3 ] DEBUG Engine               - class com.almasb.fxgl.audio.AudioPlayer
23:41:31.458 [FXGL Background Thread 3 ] DEBUG Engine               - class com.almasb.fxgl.notification.impl.NotificationServiceProvider
23:41:31.458 [FXGL Background Thread 3 ] DEBUG Engine               - class com.almasb.fxgl.achievement.AchievementService
23:41:31.458 [FXGL Background Thread 3 ] DEBUG Engine               - class com.almasb.fxgl.cutscene.CutsceneService
23:41:31.458 [FXGL Background Thread 3 ] DEBUG Engine               - class com.almasb.fxgl.minigames.MiniGameService
23:41:31.458 [FXGL Background Thread 3 ] DEBUG Engine               - class com.almasb.fxgl.net.NetService
23:41:31.458 [FXGL Background Thread 3 ] DEBUG Engine               - class com.almasb.fxgl.app.services.UpdaterService
23:41:31.458 [FXGL Background Thread 3 ] DEBUG Engine               - class com.almasb.fxgl.dev.DevService
23:41:45.560 [JavaFX Application Thread] DEBUG FXGLApplication      - Exiting FXGL
23:41:45.560 [JavaFX Application Thread] DEBUG Async                - Shutting down background threads
23:41:45.560 [JavaFX Application Thread] DEBUG PrimaryStageWindow   - Closing main window
23:41:45.566 [JavaFX Application Thread] DEBUG Logger               - Closing Logger
