00:01:05.118 [main                     ] DEBUG Logger               - Configured Logger
00:01:05.147 [main                     ] DEBUG GameApplication      - Logging settings
Title: Pong
Version: 1.0
Width: 800
Height: 600
Fullscreen: false
Intro: false
Profiling: false
Single step:false
App Mode: DEVELOPER
Menu Key: ESCAPE
Stage Style: DECORATED
Scene Factory: class com.almasb.fxgl.app.scene.SceneFactory

00:01:07.249 [JavaFX Application Thread] DEBUG FXGLApplication      - Initializing FXGL
00:01:07.254 [JavaFX Application Thread] INFO  Engine               - FXGL-17.2 (20.08.2022 16.50) on MAC (J:17.0.4.1 FX:17.0.2-ea)
00:01:07.255 [JavaFX Application Thread] DEBUG Engine               - JRE Vendor Name: Azul Systems, Inc.
00:01:07.255 [JavaFX Application Thread] DEBUG Engine               - Running on OS: Mac OS X version 13.0.1
00:01:07.255 [JavaFX Application Thread] DEBUG Engine               - Architecture: x86_64
00:01:07.255 [JavaFX Application Thread] INFO  Engine               - Source code and latest versions at: https://github.com/AlmasB/FXGL
00:01:07.255 [JavaFX Application Thread] INFO  Engine               -       Ask questions and discuss at: https://github.com/AlmasB/FXGL/discussions
00:01:07.255 [JavaFX Application Thread] INFO  Engine               -              Join the FXGL chat at: https://gitter.im/AlmasB/FXGL
00:01:07.336 [JavaFX Application Thread] DEBUG PrimaryStageWindow   - Creating a JavaFX scene
00:01:07.377 [JavaFX Application Thread] DEBUG PrimaryStageWindow   - Target settings size: 800.0 x 600.0
00:01:07.378 [JavaFX Application Thread] DEBUG PrimaryStageWindow   - Scaled scene size:    800.0 x 600.0
00:01:07.378 [JavaFX Application Thread] DEBUG PrimaryStageWindow   - Scaled ratio: (1.0, 1.0)
00:01:07.379 [JavaFX Application Thread] DEBUG PrimaryStageWindow   - Set initial scene to FXGLStartupScene
00:01:07.384 [JavaFX Application Thread] DEBUG PrimaryStageWindow   - Opening main window
00:01:07.437 [JavaFX Application Thread] DEBUG PrimaryStageWindow   - Window border size: (0.0, 28.0)
00:01:07.437 [JavaFX Application Thread] DEBUG PrimaryStageWindow   - Scaled size: 800.0 x 600.0
00:01:07.437 [JavaFX Application Thread] DEBUG PrimaryStageWindow   - Scaled ratio: (1.0, 1.0)
00:01:07.437 [JavaFX Application Thread] DEBUG PrimaryStageWindow   - Scene size: 800.0 x 600.0
00:01:07.438 [JavaFX Application Thread] DEBUG PrimaryStageWindow   - Stage size: 800.0 x 628.0
00:01:07.442 [FXGL Background Thread 1 ] DEBUG Engine               - Initializing environment variables
00:01:07.471 [FXGL Background Thread 1 ] DEBUG FXGLAssetLoaderServi - User app class for loading assets: class com.example.demo.PongApp
00:01:07.471 [FXGL Background Thread 1 ] DEBUG GameApplicationServi - Applying CSS: fxgl_dark.css
00:01:07.472 [FXGL Background Thread 1 ] DEBUG FXGLAssetLoaderServi - Loading from file system: jar:file:///Users/konstantinstaykov/.gradle/caches/modules-2/files-2.1/com.github.almasb/fxgl/17.2/35db6ae960eec2dcfd19262d3b7f9c42f0e95bc3/fxgl-17.2.jar!/fxglassets/ui/css/fxgl_dark.css
00:01:07.512 [FXGL Background Thread 1 ] DEBUG GameApplicationServi - Initializing application scenes
00:01:07.626 [FXGL Background Thread 1 ] DEBUG GameWorld            - Game world initialized
00:01:07.664 [FXGL Background Thread 1 ] DEBUG PhysicsWorld         - Physics world initialized: appHeight=600, physics.ppm=50.0
00:01:07.664 [FXGL Background Thread 1 ] DEBUG PhysicsWorld         - Using strategy: BRUTE_FORCE
00:01:07.668 [FXGL Background Thread 1 ] DEBUG GameScene            - Game scene initialized: 800x600
00:01:07.677 [FXGL Background Thread 1 ] DEBUG FXGL.DefaultMenu     - createMenuBodyGameMenu()
00:01:07.693 [FXGL Background Thread 1 ] DEBUG FXGL.DefaultMenu     - createOptionsMenu()
00:01:07.702 [FXGL Background Thread 1 ] DEBUG FXGLAssetLoaderServi - Loading from file system: jar:file:///Users/konstantinstaykov/.gradle/caches/modules-2/files-2.1/com.github.almasb/fxgl/17.2/35db6ae960eec2dcfd19262d3b7f9c42f0e95bc3/fxgl-17.2.jar!/fxglassets/textures/particles/smoke.png
00:01:07.788 [FXGL Background Thread 1 ] DEBUG FXGLAssetLoaderServi - Loading from file system: jar:file:///Users/konstantinstaykov/.gradle/caches/modules-2/files-2.1/com.github.almasb/fxgl/17.2/35db6ae960eec2dcfd19262d3b7f9c42f0e95bc3/fxgl-17.2.jar!/fxglassets/textures/particles/trace_horizontal.png
00:01:07.810 [FXGL Background Thread 1 ] DEBUG GameApplicationServi - Application scenes initialized
00:01:07.819 [FXGL Background Thread 1 ] DEBUG SystemBundleService  - Loading FXGL system data
00:01:07.823 [FXGL Background Thread 1 ] DEBUG FileSystemAccess     - Reading from: /Users/konstantinstaykov/Public/sandbox/fxgl-playground/demo/system/fxgl.bundle
00:01:07.831 [FXGL Background Thread 1 ] DEBUG SystemBundleService  - Bundle FXGL: {}
00:01:07.831 [FXGL Background Thread 1 ] DEBUG UpdaterService       - Checking for updates
00:01:07.834 [FXGL Background Thread 4 ] DEBUG FXGLApplication      - Loading fonts
00:01:07.834 [FXGL Background Thread 4 ] DEBUG FXGLAssetLoaderServi - Loading from file system: jar:file:///Users/konstantinstaykov/.gradle/caches/modules-2/files-2.1/com.github.almasb/fxgl/17.2/35db6ae960eec2dcfd19262d3b7f9c42f0e95bc3/fxgl-17.2.jar!/fxglassets/ui/fonts/VarelaRound-Regular.ttf
00:01:07.834 [FXGL Background Thread 1 ] DEBUG FXGLApplication      - Loading default localization
00:01:07.834 [FXGL Background Thread 1 ] DEBUG FXGLAssetLoaderServi - Loading from file system: jar:file:///Users/konstantinstaykov/.gradle/caches/modules-2/files-2.1/com.github.almasb/fxgl/17.2/35db6ae960eec2dcfd19262d3b7f9c42f0e95bc3/fxgl-17.2.jar!/fxglassets/languages/english.lang
00:01:07.858 [FXGL Background Thread 4 ] DEBUG FXGLAssetLoaderServi - Loading from file system: jar:file:///Users/konstantinstaykov/.gradle/caches/modules-2/files-2.1/com.github.almasb/fxgl/17.2/35db6ae960eec2dcfd19262d3b7f9c42f0e95bc3/fxgl-17.2.jar!/fxglassets/ui/fonts/Abel-Regular.ttf
00:01:07.866 [FXGL Background Thread 4 ] DEBUG FXGLAssetLoaderServi - Loading from file system: jar:file:///Users/konstantinstaykov/.gradle/caches/modules-2/files-2.1/com.github.almasb/fxgl/17.2/35db6ae960eec2dcfd19262d3b7f9c42f0e95bc3/fxgl-17.2.jar!/fxglassets/ui/fonts/TerminalLandMono-Regular.otf
00:01:07.871 [FXGL Background Thread 4 ] DEBUG FXGLAssetLoaderServi - Loading from file system: jar:file:///Users/konstantinstaykov/.gradle/caches/modules-2/files-2.1/com.github.almasb/fxgl/17.2/35db6ae960eec2dcfd19262d3b7f9c42f0e95bc3/fxgl-17.2.jar!/fxglassets/ui/fonts/Courier-Prime.ttf
00:01:07.872 [FXGL Background Thread 1 ] INFO  FXGLApplication      - FXGL initialization took: 0.430 sec
00:01:07.884 [JavaFX Application Thread] DEBUG Input                - Registered new binding: Up - W
00:01:07.884 [JavaFX Application Thread] DEBUG Input                - Registered new binding: Down - S
00:01:07.884 [JavaFX Application Thread] DEBUG FXGLAssetLoaderServi - Loading from file system: jar:file:///Users/konstantinstaykov/.gradle/caches/modules-2/files-2.1/com.github.almasb/fxgl/17.2/35db6ae960eec2dcfd19262d3b7f9c42f0e95bc3/fxgl-17.2.jar!/fxglassets/textures/fxgl_icon.png
00:01:07.908 [JavaFX Application Thread] DEBUG FXGLAssetLoaderServi - Loading from file system: jar:file:///Users/konstantinstaykov/.gradle/caches/modules-2/files-2.1/com.github.almasb/fxgl/17.2/35db6ae960eec2dcfd19262d3b7f9c42f0e95bc3/fxgl-17.2.jar!/fxglassets/textures/fxgl_default_cursor.png
00:01:07.910 [JavaFX Application Thread] DEBUG Input                - Registered new binding: Screenshot - CTRL+8
00:01:07.910 [JavaFX Application Thread] DEBUG Input                - Registered new binding: System info dump - CTRL+9
00:01:07.911 [JavaFX Application Thread] DEBUG Input                - Registered new binding: Restart - CTRL+R
00:01:07.911 [JavaFX Application Thread] DEBUG Input                - Registered new binding: Toggle Debug Camera - CTRL+7
00:01:07.912 [JavaFX Application Thread] DEBUG LoopRunner           - Starting loop
00:01:07.913 [JavaFX Application Thread] DEBUG LoopRunner           - Initializing JavaFX AnimationTimerLoop
00:01:07.913 [JavaFX Application Thread] DEBUG GameApplicationServi - Starting new game
00:01:07.914 [JavaFX Application Thread] DEBUG Input                - Clearing active input actions
00:01:07.921 [JavaFX Application Thread] DEBUG GameApplicationServi - Removing overlay from FXGLStartupScene and adding to FXGLLoadingScene
00:01:07.922 [JavaFX Application Thread] DEBUG PrimaryStageWindow   - FXGLStartupScene -> FXGLLoadingScene
00:01:07.922 [JavaFX Application Thread] DEBUG GameApplicationServi - Clearing previous game
00:01:07.922 [JavaFX Application Thread] DEBUG GameScene            - Clearing game scene
00:01:07.922 [JavaFX Application Thread] DEBUG GameWorld            - Clearing game world
00:01:07.922 [JavaFX Application Thread] DEBUG PhysicsWorld         - Clearing physics world
00:01:07.923 [FXGL Background Thread 4 ] DEBUG FXGLApplication      - Initializing game
00:01:07.950 [FXGL Background Thread 4 ] WARN  FXGLAssetLoaderServi - Asset "/assets/ui/main.fxml" was not found!
00:01:07.950 [FXGL Background Thread 4 ] WARN  FXGLAssetLoaderServi - Failed to load UI
00:01:07.969 [JavaFX Application Thread] DEBUG FXGLApplication      - Registering font factories with UI factory
00:01:07.999 [JavaFX Application Thread] DEBUG LoopRunner           - Stopping loop
00:01:08.000 [JavaFX Application Thread] FATAL FXGLApplication      - Uncaught Exception:
java.lang.RuntimeException: Initialization failed
	at com.almasb.fxgl.all@17.2/com.almasb.fxgl.app.FXGLApplication$InitAppTask.failed(FXGLApplication.kt:343)
	at javafx.graphics/javafx.concurrent.Task.setState(Task.java:710)
	at javafx.graphics/javafx.concurrent.Task$TaskCallable.lambda$call$2(Task.java:1456)
	at javafx.graphics/com.sun.javafx.application.PlatformImpl.lambda$runLater$10(PlatformImpl.java:457)
	at java.base/java.security.AccessController.doPrivileged(AccessController.java:399)
	at javafx.graphics/com.sun.javafx.application.PlatformImpl.lambda$runLater$11(PlatformImpl.java:456)
	at javafx.graphics/com.sun.glass.ui.InvokeLaterDispatcher$Future.run(InvokeLaterDispatcher.java:96)
Caused by: java.lang.NullPointerException: Cannot invoke "javafx.scene.control.Label.textProperty()" because the return value of "com.example.demo.MainUIController.getLabelScorePlayer()" is null
	at com.example.demo@1.0-SNAPSHOT/com.example.demo.PongApp.initUI(PongApp.java:124)
	at com.almasb.fxgl.all@17.2/com.almasb.fxgl.app.FXGLApplication$InitAppTask.call(FXGLApplication.kt:321)
	at com.almasb.fxgl.all@17.2/com.almasb.fxgl.app.FXGLApplication$InitAppTask.call(FXGLApplication.kt:311)
	at javafx.graphics/javafx.concurrent.Task$TaskCallable.call(Task.java:1426)
	at java.base/java.util.concurrent.FutureTask.run(FutureTask.java:264)
	at java.base/java.util.concurrent.Executors$RunnableAdapter.call(Executors.java:539)
	at java.base/java.util.concurrent.FutureTask.run(FutureTask.java:264)
	at java.base/java.util.concurrent.ThreadPoolExecutor.runWorker(ThreadPoolExecutor.java:1136)
	at java.base/java.util.concurrent.ThreadPoolExecutor$Worker.run(ThreadPoolExecutor.java:635)
	at java.base/java.lang.Thread.run(Thread.java:833)

00:01:08.001 [JavaFX Application Thread] FATAL FXGLApplication      - Application will now exit
00:01:08.019 [JavaFX Application Thread] DEBUG PrimaryStageWindow   - Push state: ErrorSubScene
00:01:08.019 [JavaFX Application Thread] DEBUG Input                - Clearing active input actions
00:01:08.025 [JavaFX Application Thread] DEBUG GameApplicationServi - Removing overlay from FXGLLoadingScene and adding to ErrorSubScene
00:01:08.025 [JavaFX Application Thread] DEBUG PrimaryStageWindow   - FXGLLoadingScene -> ErrorSubScene
00:01:10.835 [FXGL Background Thread 3 ] DEBUG Engine               - Logging environment variables
00:01:10.835 [FXGL Background Thread 3 ] DEBUG Engine               - achievements: []
00:01:10.836 [FXGL Background Thread 3 ] DEBUG Engine               - actualHeight: 600.0
00:01:10.836 [FXGL Background Thread 3 ] DEBUG Engine               - actualHeightProperty: ReadOnlyDoubleProperty [value: 600.0]
00:01:10.836 [FXGL Background Thread 3 ] DEBUG Engine               - actualWidth: 800.0
00:01:10.836 [FXGL Background Thread 3 ] DEBUG Engine               - actualWidthProperty: ReadOnlyDoubleProperty [value: 800.0]
00:01:10.836 [FXGL Background Thread 3 ] DEBUG Engine               - appIcon: fxgl_icon.png
00:01:10.836 [FXGL Background Thread 3 ] DEBUG Engine               - applicationMode: DEVELOPER
00:01:10.836 [FXGL Background Thread 3 ] DEBUG Engine               - cSSList: [fxgl_dark.css]
00:01:10.837 [FXGL Background Thread 3 ] DEBUG Engine               - collisionDetectionStrategy: BRUTE_FORCE
00:01:10.837 [FXGL Background Thread 3 ] DEBUG Engine               - configClass: Optional.empty
00:01:10.837 [FXGL Background Thread 3 ] DEBUG Engine               - credits: []
00:01:10.837 [FXGL Background Thread 3 ] DEBUG Engine               - defaultCursor: CursorInfo(imageName=fxgl_default_cursor.png, hotspotX=7.0, hotspotY=6.0)
00:01:10.837 [FXGL Background Thread 3 ] DEBUG Engine               - devBBoxColorProperty: ObjectProperty [value: 0xff0000ff]
00:01:10.837 [FXGL Background Thread 3 ] DEBUG Engine               - devEnableDebugCameraProperty: BooleanProperty [value: false]
00:01:10.838 [FXGL Background Thread 3 ] DEBUG Engine               - devSensorColorProperty: ObjectProperty [value: 0xffff00ff]
00:01:10.838 [FXGL Background Thread 3 ] DEBUG Engine               - devShowBBoxProperty: BooleanProperty [value: false]
00:01:10.838 [FXGL Background Thread 3 ] DEBUG Engine               - devShowPositionProperty: BooleanProperty [value: false]
00:01:10.838 [FXGL Background Thread 3 ] DEBUG Engine               - enabledMenuItems: []
00:01:10.838 [FXGL Background Thread 3 ] DEBUG Engine               - engineServices: [class com.almasb.fxgl.app.services.FXGLAssetLoaderService, class com.almasb.fxgl.app.FXGLApplication$GameApplicationService, class com.almasb.fxgl.app.services.FXGLDialogService, class com.almasb.fxgl.app.services.IOTaskExecutorService, class com.almasb.fxgl.io.FileSystemService, class com.almasb.fxgl.localization.LocalizationService, class com.almasb.fxgl.app.services.SystemBundleService, class com.almasb.fxgl.profile.SaveLoadService, class com.almasb.fxgl.ui.FXGLUIFactoryServiceProvider, class com.almasb.fxgl.ui.FXGLDialogFactoryServiceProvider, class com.almasb.fxgl.audio.AudioPlayer, class com.almasb.fxgl.notification.impl.NotificationServiceProvider, class com.almasb.fxgl.achievement.AchievementService, class com.almasb.fxgl.cutscene.CutsceneService, class com.almasb.fxgl.minigames.MiniGameService, class com.almasb.fxgl.net.NetService, class com.almasb.fxgl.app.services.UpdaterService, class com.almasb.fxgl.dev.DevService]
00:01:10.838 [FXGL Background Thread 3 ] DEBUG Engine               - fontGame: Abel-Regular.ttf
00:01:10.838 [FXGL Background Thread 3 ] DEBUG Engine               - fontMono: TerminalLandMono-Regular.otf
00:01:10.838 [FXGL Background Thread 3 ] DEBUG Engine               - fontText: Courier-Prime.ttf
00:01:10.838 [FXGL Background Thread 3 ] DEBUG Engine               - fontUI: VarelaRound-Regular.ttf
00:01:10.838 [FXGL Background Thread 3 ] DEBUG Engine               - fullScreen: BooleanProperty [value: false]
00:01:10.839 [FXGL Background Thread 3 ] DEBUG Engine               - gameDifficulty: MEDIUM
00:01:10.839 [FXGL Background Thread 3 ] DEBUG Engine               - gameDifficultyProperty: ObjectProperty [value: MEDIUM]
00:01:10.839 [FXGL Background Thread 3 ] DEBUG Engine               - globalMusicVolume: 0.5
00:01:10.839 [FXGL Background Thread 3 ] DEBUG Engine               - globalMusicVolumeProperty: DoubleProperty [value: 0.5]
00:01:10.839 [FXGL Background Thread 3 ] DEBUG Engine               - globalSoundVolume: 0.5
00:01:10.839 [FXGL Background Thread 3 ] DEBUG Engine               - globalSoundVolumeProperty: DoubleProperty [value: 0.5]
00:01:10.839 [FXGL Background Thread 3 ] DEBUG Engine               - height: 600
00:01:10.839 [FXGL Background Thread 3 ] DEBUG Engine               - is3D: false
00:01:10.839 [FXGL Background Thread 3 ] DEBUG Engine               - isAndroid: false
00:01:10.839 [FXGL Background Thread 3 ] DEBUG Engine               - isBrowser: false
00:01:10.839 [FXGL Background Thread 3 ] DEBUG Engine               - isClickFeedbackEnabled: false
00:01:10.840 [FXGL Background Thread 3 ] DEBUG Engine               - isCloseConfirmation: false
00:01:10.840 [FXGL Background Thread 3 ] DEBUG Engine               - isDesktop: true
00:01:10.840 [FXGL Background Thread 3 ] DEBUG Engine               - isDeveloperMenuEnabled: false
00:01:10.840 [FXGL Background Thread 3 ] DEBUG Engine               - isEmbedded: false
00:01:10.840 [FXGL Background Thread 3 ] DEBUG Engine               - isEntityPreloadEnabled: true
00:01:10.840 [FXGL Background Thread 3 ] DEBUG Engine               - isExperimentalTiledLargeMap: false
00:01:10.840 [FXGL Background Thread 3 ] DEBUG Engine               - isFileSystemWriteAllowed: true
00:01:10.840 [FXGL Background Thread 3 ] DEBUG Engine               - isFullScreenAllowed: false
00:01:10.840 [FXGL Background Thread 3 ] DEBUG Engine               - isFullScreenFromStart: false
00:01:10.840 [FXGL Background Thread 3 ] DEBUG Engine               - isGameMenuEnabled: true
00:01:10.840 [FXGL Background Thread 3 ] DEBUG Engine               - isIOS: false
00:01:10.840 [FXGL Background Thread 3 ] DEBUG Engine               - isIntroEnabled: false
00:01:10.840 [FXGL Background Thread 3 ] DEBUG Engine               - isLinux: false
00:01:10.840 [FXGL Background Thread 3 ] DEBUG Engine               - isMac: true
00:01:10.841 [FXGL Background Thread 3 ] DEBUG Engine               - isMainMenuEnabled: false
00:01:10.841 [FXGL Background Thread 3 ] DEBUG Engine               - isManualResizeEnabled: false
00:01:10.841 [FXGL Background Thread 3 ] DEBUG Engine               - isMobile: false
00:01:10.841 [FXGL Background Thread 3 ] DEBUG Engine               - isNative: false
00:01:10.841 [FXGL Background Thread 3 ] DEBUG Engine               - isPauseMusicWhenMinimized: true
00:01:10.841 [FXGL Background Thread 3 ] DEBUG Engine               - isPreserveResizeRatio: false
00:01:10.841 [FXGL Background Thread 3 ] DEBUG Engine               - isProfilingEnabled: false
00:01:10.841 [FXGL Background Thread 3 ] DEBUG Engine               - isScaleAffectedOnResize: true
00:01:10.841 [FXGL Background Thread 3 ] DEBUG Engine               - isSingleStep: false
00:01:10.841 [FXGL Background Thread 3 ] DEBUG Engine               - isUserProfileEnabled: false
00:01:10.841 [FXGL Background Thread 3 ] DEBUG Engine               - isWindows: false
00:01:10.841 [FXGL Background Thread 3 ] DEBUG Engine               - language: ObjectProperty [value: ENGLISH]
00:01:10.841 [FXGL Background Thread 3 ] DEBUG Engine               - menuKey: ESCAPE
00:01:10.841 [FXGL Background Thread 3 ] DEBUG Engine               - mouseSensitivity: 0.2
00:01:10.842 [FXGL Background Thread 3 ] DEBUG Engine               - notificationViewClass: class com.almasb.fxgl.notification.view.XboxNotificationView
00:01:10.842 [FXGL Background Thread 3 ] DEBUG Engine               - pixelsPerMeter: 50.0
00:01:10.842 [FXGL Background Thread 3 ] DEBUG Engine               - platform: MAC
00:01:10.842 [FXGL Background Thread 3 ] DEBUG Engine               - prefHeightProperty: ReadOnlyDoubleProperty [value: 600.0]
00:01:10.842 [FXGL Background Thread 3 ] DEBUG Engine               - prefWidthProperty: ReadOnlyDoubleProperty [value: 800.0]
00:01:10.842 [FXGL Background Thread 3 ] DEBUG Engine               - profileDir: profiles/
00:01:10.842 [FXGL Background Thread 3 ] DEBUG Engine               - profileName: StringProperty [value: DEFAULT]
00:01:10.842 [FXGL Background Thread 3 ] DEBUG Engine               - randomSeed: -1
00:01:10.842 [FXGL Background Thread 3 ] DEBUG Engine               - runtimeInfo: RuntimeInfo(platform=MAC, version=17.2, build=20.08.2022 16.50)
00:01:10.842 [FXGL Background Thread 3 ] DEBUG Engine               - saveFileExt: sav
00:01:10.842 [FXGL Background Thread 3 ] DEBUG Engine               - scaledHeightProp$fxgl: DoubleProperty [bound, value: 600.0]
00:01:10.842 [FXGL Background Thread 3 ] DEBUG Engine               - scaledWidthProp$fxgl: DoubleProperty [bound, value: 800.0]
00:01:10.843 [FXGL Background Thread 3 ] DEBUG Engine               - sceneFactory: com.almasb.fxgl.app.scene.SceneFactory@13d0b0e3
00:01:10.843 [FXGL Background Thread 3 ] DEBUG Engine               - secondsIn24h: 60
00:01:10.843 [FXGL Background Thread 3 ] DEBUG Engine               - soundMenuBack: menu/back.wav
00:01:10.843 [FXGL Background Thread 3 ] DEBUG Engine               - soundMenuPress: menu/press.wav
00:01:10.843 [FXGL Background Thread 3 ] DEBUG Engine               - soundMenuSelect: menu/select.wav
00:01:10.843 [FXGL Background Thread 3 ] DEBUG Engine               - soundNotification: core/notification.wav
00:01:10.843 [FXGL Background Thread 3 ] DEBUG Engine               - stageStyle: DECORATED
00:01:10.843 [FXGL Background Thread 3 ] DEBUG Engine               - supportedLanguages: [ENGLISH, FRENCH, GERMAN, HUNGARIAN, RUSSIAN]
00:01:10.843 [FXGL Background Thread 3 ] DEBUG Engine               - ticksPerSecond: -1
00:01:10.843 [FXGL Background Thread 3 ] DEBUG Engine               - title: Pong
00:01:10.843 [FXGL Background Thread 3 ] DEBUG Engine               - urlGithub: https://github.com/AlmasB/FXGL
00:01:10.843 [FXGL Background Thread 3 ] DEBUG Engine               - urlLeaderboard: http://fxgl-top.herokuapp.com/
00:01:10.843 [FXGL Background Thread 3 ] DEBUG Engine               - urlPOM: https://raw.githubusercontent.com/AlmasB/FXGL/release/README.md
00:01:10.843 [FXGL Background Thread 3 ] DEBUG Engine               - userAppClass: class com.example.demo.PongApp
00:01:10.843 [FXGL Background Thread 3 ] DEBUG Engine               - version: 1.0
00:01:10.843 [FXGL Background Thread 3 ] DEBUG Engine               - versionCheckDays: 7
00:01:10.843 [FXGL Background Thread 3 ] DEBUG Engine               - width: 800
00:01:10.843 [FXGL Background Thread 3 ] DEBUG Engine               - Logging services
00:01:10.843 [FXGL Background Thread 3 ] DEBUG Engine               - class com.almasb.fxgl.app.services.FXGLAssetLoaderService
00:01:10.843 [FXGL Background Thread 3 ] DEBUG Engine               - class com.almasb.fxgl.app.FXGLApplication$GameApplicationService
00:01:10.843 [FXGL Background Thread 3 ] DEBUG Engine               - class com.almasb.fxgl.app.services.FXGLDialogService
00:01:10.843 [FXGL Background Thread 3 ] DEBUG Engine               - class com.almasb.fxgl.app.services.IOTaskExecutorService
00:01:10.843 [FXGL Background Thread 3 ] DEBUG Engine               - class com.almasb.fxgl.io.FileSystemService
00:01:10.844 [FXGL Background Thread 3 ] DEBUG Engine               - class com.almasb.fxgl.localization.LocalizationService
00:01:10.844 [FXGL Background Thread 3 ] DEBUG Engine               - class com.almasb.fxgl.app.services.SystemBundleService
00:01:10.844 [FXGL Background Thread 3 ] DEBUG Engine               - class com.almasb.fxgl.profile.SaveLoadService
00:01:10.844 [FXGL Background Thread 3 ] DEBUG Engine               - class com.almasb.fxgl.ui.FXGLUIFactoryServiceProvider
00:01:10.844 [FXGL Background Thread 3 ] DEBUG Engine               - class com.almasb.fxgl.ui.FXGLDialogFactoryServiceProvider
00:01:10.844 [FXGL Background Thread 3 ] DEBUG Engine               - class com.almasb.fxgl.audio.AudioPlayer
00:01:10.844 [FXGL Background Thread 3 ] DEBUG Engine               - class com.almasb.fxgl.notification.impl.NotificationServiceProvider
00:01:10.844 [FXGL Background Thread 3 ] DEBUG Engine               - class com.almasb.fxgl.achievement.AchievementService
00:01:10.844 [FXGL Background Thread 3 ] DEBUG Engine               - class com.almasb.fxgl.cutscene.CutsceneService
00:01:10.844 [FXGL Background Thread 3 ] DEBUG Engine               - class com.almasb.fxgl.minigames.MiniGameService
00:01:10.844 [FXGL Background Thread 3 ] DEBUG Engine               - class com.almasb.fxgl.net.NetService
00:01:10.844 [FXGL Background Thread 3 ] DEBUG Engine               - class com.almasb.fxgl.app.services.UpdaterService
00:01:10.844 [FXGL Background Thread 3 ] DEBUG Engine               - class com.almasb.fxgl.dev.DevService
00:01:26.283 [JavaFX Application Thread] DEBUG FXGLApplication      - Exiting FXGL
00:01:26.283 [JavaFX Application Thread] DEBUG Async                - Shutting down background threads
00:01:26.283 [JavaFX Application Thread] DEBUG PrimaryStageWindow   - Closing main window
00:01:26.289 [JavaFX Application Thread] DEBUG Logger               - Closing Logger
