23:45:06.831 [main                     ] DEBUG Logger               - Configured Logger
23:45:06.868 [main                     ] DEBUG GameApplication      - Logging settings
Title: Pong
Version: 1.0
Width: 800
Height: 600
Fullscreen: false
Intro: false
Profiling: false
Single step:false
App Mode: DEVELOPER
Menu Key: ESCAPE
Stage Style: DECORATED
Scene Factory: class com.almasb.fxgl.app.scene.SceneFactory

23:45:08.820 [JavaFX Application Thread] DEBUG FXGLApplication      - Initializing FXGL
23:45:08.825 [JavaFX Application Thread] INFO  Engine               - FXGL-17.2 (20.08.2022 16.50) on MAC (J:17.0.4.1 FX:17.0.2-ea)
23:45:08.826 [JavaFX Application Thread] DEBUG Engine               - JRE Vendor Name: Azul Systems, Inc.
23:45:08.826 [JavaFX Application Thread] DEBUG Engine               - Running on OS: Mac OS X version 13.0.1
23:45:08.826 [JavaFX Application Thread] DEBUG Engine               - Architecture: x86_64
23:45:08.826 [JavaFX Application Thread] INFO  Engine               - Source code and latest versions at: https://github.com/AlmasB/FXGL
23:45:08.826 [JavaFX Application Thread] INFO  Engine               -       Ask questions and discuss at: https://github.com/AlmasB/FXGL/discussions
23:45:08.826 [JavaFX Application Thread] INFO  Engine               -              Join the FXGL chat at: https://gitter.im/AlmasB/FXGL
23:45:08.907 [JavaFX Application Thread] DEBUG PrimaryStageWindow   - Creating a JavaFX scene
23:45:08.941 [JavaFX Application Thread] DEBUG PrimaryStageWindow   - Target settings size: 800.0 x 600.0
23:45:08.942 [JavaFX Application Thread] DEBUG PrimaryStageWindow   - Scaled scene size:    800.0 x 600.0
23:45:08.942 [JavaFX Application Thread] DEBUG PrimaryStageWindow   - Scaled ratio: (1.0, 1.0)
23:45:08.942 [JavaFX Application Thread] DEBUG PrimaryStageWindow   - Set initial scene to FXGLStartupScene
23:45:08.947 [JavaFX Application Thread] DEBUG PrimaryStageWindow   - Opening main window
23:45:08.997 [JavaFX Application Thread] DEBUG PrimaryStageWindow   - Window border size: (0.0, 28.0)
23:45:08.998 [JavaFX Application Thread] DEBUG PrimaryStageWindow   - Scaled size: 800.0 x 600.0
23:45:08.998 [JavaFX Application Thread] DEBUG PrimaryStageWindow   - Scaled ratio: (1.0, 1.0)
23:45:08.998 [JavaFX Application Thread] DEBUG PrimaryStageWindow   - Scene size: 800.0 x 600.0
23:45:08.998 [JavaFX Application Thread] DEBUG PrimaryStageWindow   - Stage size: 800.0 x 628.0
23:45:09.004 [FXGL Background Thread 1 ] DEBUG Engine               - Initializing environment variables
23:45:09.032 [FXGL Background Thread 1 ] DEBUG FXGLAssetLoaderServi - User app class for loading assets: class com.example.demo.PongApp
23:45:09.033 [FXGL Background Thread 1 ] DEBUG GameApplicationServi - Applying CSS: fxgl_dark.css
23:45:09.034 [FXGL Background Thread 1 ] DEBUG FXGLAssetLoaderServi - Loading from file system: jar:file:/Users/konstantinstaykov/.gradle/caches/modules-2/files-2.1/com.github.almasb/fxgl/17.2/35db6ae960eec2dcfd19262d3b7f9c42f0e95bc3/fxgl-17.2.jar!/fxglassets/ui/css/fxgl_dark.css
23:45:09.079 [FXGL Background Thread 1 ] DEBUG GameApplicationServi - Initializing application scenes
23:45:09.165 [FXGL Background Thread 1 ] DEBUG GameWorld            - Game world initialized
23:45:09.213 [FXGL Background Thread 1 ] DEBUG PhysicsWorld         - Physics world initialized: appHeight=600, physics.ppm=50.0
23:45:09.213 [FXGL Background Thread 1 ] DEBUG PhysicsWorld         - Using strategy: BRUTE_FORCE
23:45:09.217 [FXGL Background Thread 1 ] DEBUG GameScene            - Game scene initialized: 800x600
23:45:09.229 [FXGL Background Thread 1 ] DEBUG FXGL.DefaultMenu     - createMenuBodyGameMenu()
23:45:09.246 [FXGL Background Thread 1 ] DEBUG FXGL.DefaultMenu     - createOptionsMenu()
23:45:09.256 [FXGL Background Thread 1 ] DEBUG FXGLAssetLoaderServi - Loading from file system: jar:file:/Users/konstantinstaykov/.gradle/caches/modules-2/files-2.1/com.github.almasb/fxgl/17.2/35db6ae960eec2dcfd19262d3b7f9c42f0e95bc3/fxgl-17.2.jar!/fxglassets/textures/particles/smoke.png
23:45:09.333 [FXGL Background Thread 1 ] DEBUG FXGLAssetLoaderServi - Loading from file system: jar:file:/Users/konstantinstaykov/.gradle/caches/modules-2/files-2.1/com.github.almasb/fxgl/17.2/35db6ae960eec2dcfd19262d3b7f9c42f0e95bc3/fxgl-17.2.jar!/fxglassets/textures/particles/trace_horizontal.png
23:45:09.360 [FXGL Background Thread 1 ] DEBUG GameApplicationServi - Application scenes initialized
23:45:09.371 [FXGL Background Thread 1 ] DEBUG SystemBundleService  - Loading FXGL system data
23:45:09.375 [FXGL Background Thread 1 ] DEBUG FileSystemAccess     - Reading from: /Users/konstantinstaykov/Public/sandbox/fxgl-playground/demo/system/fxgl.bundle
23:45:09.383 [FXGL Background Thread 1 ] DEBUG SystemBundleService  - Bundle FXGL: {}
23:45:09.383 [FXGL Background Thread 1 ] DEBUG UpdaterService       - Checking for updates
23:45:09.388 [FXGL Background Thread 4 ] DEBUG FXGLApplication      - Loading fonts
23:45:09.389 [FXGL Background Thread 4 ] DEBUG FXGLAssetLoaderServi - Loading from file system: jar:file:/Users/konstantinstaykov/.gradle/caches/modules-2/files-2.1/com.github.almasb/fxgl/17.2/35db6ae960eec2dcfd19262d3b7f9c42f0e95bc3/fxgl-17.2.jar!/fxglassets/ui/fonts/VarelaRound-Regular.ttf
23:45:09.389 [FXGL Background Thread 1 ] DEBUG FXGLApplication      - Loading default localization
23:45:09.390 [FXGL Background Thread 1 ] DEBUG FXGLAssetLoaderServi - Loading from file system: jar:file:/Users/konstantinstaykov/.gradle/caches/modules-2/files-2.1/com.github.almasb/fxgl/17.2/35db6ae960eec2dcfd19262d3b7f9c42f0e95bc3/fxgl-17.2.jar!/fxglassets/languages/english.lang
23:45:09.413 [FXGL Background Thread 4 ] DEBUG FXGLAssetLoaderServi - Loading from file system: jar:file:/Users/konstantinstaykov/.gradle/caches/modules-2/files-2.1/com.github.almasb/fxgl/17.2/35db6ae960eec2dcfd19262d3b7f9c42f0e95bc3/fxgl-17.2.jar!/fxglassets/ui/fonts/Abel-Regular.ttf
23:45:09.415 [FXGL Background Thread 1 ] INFO  FXGLApplication      - FXGL initialization took: 0.411 sec
23:45:09.416 [FXGL Background Thread 4 ] DEBUG FXGLAssetLoaderServi - Loading from file system: jar:file:/Users/konstantinstaykov/.gradle/caches/modules-2/files-2.1/com.github.almasb/fxgl/17.2/35db6ae960eec2dcfd19262d3b7f9c42f0e95bc3/fxgl-17.2.jar!/fxglassets/ui/fonts/TerminalLandMono-Regular.otf
23:45:09.419 [FXGL Background Thread 4 ] DEBUG FXGLAssetLoaderServi - Loading from file system: jar:file:/Users/konstantinstaykov/.gradle/caches/modules-2/files-2.1/com.github.almasb/fxgl/17.2/35db6ae960eec2dcfd19262d3b7f9c42f0e95bc3/fxgl-17.2.jar!/fxglassets/ui/fonts/Courier-Prime.ttf
23:45:09.423 [JavaFX Application Thread] DEBUG Input                - Registered new binding: Up - W
23:45:09.424 [JavaFX Application Thread] DEBUG Input                - Registered new binding: Down - S
23:45:09.425 [JavaFX Application Thread] DEBUG FXGLAssetLoaderServi - Loading from file system: jar:file:/Users/konstantinstaykov/.gradle/caches/modules-2/files-2.1/com.github.almasb/fxgl/17.2/35db6ae960eec2dcfd19262d3b7f9c42f0e95bc3/fxgl-17.2.jar!/fxglassets/textures/fxgl_icon.png
23:45:09.447 [JavaFX Application Thread] DEBUG FXGLAssetLoaderServi - Loading from file system: jar:file:/Users/konstantinstaykov/.gradle/caches/modules-2/files-2.1/com.github.almasb/fxgl/17.2/35db6ae960eec2dcfd19262d3b7f9c42f0e95bc3/fxgl-17.2.jar!/fxglassets/textures/fxgl_default_cursor.png
23:45:09.449 [JavaFX Application Thread] DEBUG Input                - Registered new binding: Screenshot - CTRL+8
23:45:09.449 [JavaFX Application Thread] DEBUG Input                - Registered new binding: System info dump - CTRL+9
23:45:09.450 [JavaFX Application Thread] DEBUG Input                - Registered new binding: Restart - CTRL+R
23:45:09.450 [JavaFX Application Thread] DEBUG Input                - Registered new binding: Toggle Debug Camera - CTRL+7
23:45:09.452 [JavaFX Application Thread] DEBUG LoopRunner           - Starting loop
23:45:09.452 [JavaFX Application Thread] DEBUG LoopRunner           - Initializing JavaFX AnimationTimerLoop
23:45:09.453 [JavaFX Application Thread] DEBUG GameApplicationServi - Starting new game
23:45:09.453 [JavaFX Application Thread] DEBUG Input                - Clearing active input actions
23:45:09.463 [JavaFX Application Thread] DEBUG GameApplicationServi - Removing overlay from FXGLStartupScene and adding to FXGLLoadingScene
23:45:09.464 [JavaFX Application Thread] DEBUG PrimaryStageWindow   - FXGLStartupScene -> FXGLLoadingScene
23:45:09.464 [JavaFX Application Thread] DEBUG GameApplicationServi - Clearing previous game
23:45:09.464 [JavaFX Application Thread] DEBUG GameScene            - Clearing game scene
23:45:09.464 [JavaFX Application Thread] DEBUG GameWorld            - Clearing game world
23:45:09.464 [JavaFX Application Thread] DEBUG PhysicsWorld         - Clearing physics world
23:45:09.465 [FXGL Background Thread 4 ] DEBUG FXGLApplication      - Initializing game
23:45:09.501 [FXGL Background Thread 4 ] DEBUG FXGLAssetLoaderServi - Loading from file system: file:/Users/konstantinstaykov/Public/sandbox/fxgl-playground/demo/build/resources/main/assets/ui/main.fxml
23:45:09.507 [JavaFX Application Thread] DEBUG FXGLApplication      - Registering font factories with UI factory
23:45:09.559 [FXGL Background Thread 4 ] INFO  FXGLApplication      - Game initialization took: 0.093 sec
23:45:09.613 [JavaFX Application Thread] DEBUG Input                - Clearing active input actions
23:45:09.622 [JavaFX Application Thread] DEBUG GameApplicationServi - Removing overlay from FXGLLoadingScene and adding to GameScene
23:45:09.622 [JavaFX Application Thread] DEBUG PrimaryStageWindow   - FXGLLoadingScene -> GameScene
23:45:10.231 [JavaFX Application Thread] DEBUG FXGLAssetLoaderServi - Loading from file system: file:/Users/konstantinstaykov/Public/sandbox/fxgl-playground/demo/build/resources/main/assets/sounds/hit_bat.wav
23:45:10.681 [JavaFX Application Thread] DEBUG FXGLAssetLoaderServi - Loading from file system: file:/Users/konstantinstaykov/Public/sandbox/fxgl-playground/demo/build/resources/main/assets/sounds/hit_wall.wav
23:45:12.387 [FXGL Background Thread 3 ] DEBUG Engine               - Logging environment variables
23:45:12.388 [FXGL Background Thread 3 ] DEBUG Engine               - achievements: []
23:45:12.388 [FXGL Background Thread 3 ] DEBUG Engine               - actualHeight: 600.0
23:45:12.388 [FXGL Background Thread 3 ] DEBUG Engine               - actualHeightProperty: ReadOnlyDoubleProperty [value: 600.0]
23:45:12.388 [FXGL Background Thread 3 ] DEBUG Engine               - actualWidth: 800.0
23:45:12.388 [FXGL Background Thread 3 ] DEBUG Engine               - actualWidthProperty: ReadOnlyDoubleProperty [value: 800.0]
23:45:12.388 [FXGL Background Thread 3 ] DEBUG Engine               - appIcon: fxgl_icon.png
23:45:12.388 [FXGL Background Thread 3 ] DEBUG Engine               - applicationMode: DEVELOPER
23:45:12.388 [FXGL Background Thread 3 ] DEBUG Engine               - cSSList: [fxgl_dark.css]
23:45:12.389 [FXGL Background Thread 3 ] DEBUG Engine               - collisionDetectionStrategy: BRUTE_FORCE
23:45:12.389 [FXGL Background Thread 3 ] DEBUG Engine               - configClass: Optional.empty
23:45:12.389 [FXGL Background Thread 3 ] DEBUG Engine               - credits: []
23:45:12.389 [FXGL Background Thread 3 ] DEBUG Engine               - defaultCursor: CursorInfo(imageName=fxgl_default_cursor.png, hotspotX=7.0, hotspotY=6.0)
23:45:12.389 [FXGL Background Thread 3 ] DEBUG Engine               - devBBoxColorProperty: ObjectProperty [value: 0xff0000ff]
23:45:12.389 [FXGL Background Thread 3 ] DEBUG Engine               - devEnableDebugCameraProperty: BooleanProperty [value: false]
23:45:12.389 [FXGL Background Thread 3 ] DEBUG Engine               - devSensorColorProperty: ObjectProperty [value: 0xffff00ff]
23:45:12.390 [FXGL Background Thread 3 ] DEBUG Engine               - devShowBBoxProperty: BooleanProperty [value: false]
23:45:12.390 [FXGL Background Thread 3 ] DEBUG Engine               - devShowPositionProperty: BooleanProperty [value: false]
23:45:12.390 [FXGL Background Thread 3 ] DEBUG Engine               - enabledMenuItems: []
23:45:12.390 [FXGL Background Thread 3 ] DEBUG Engine               - engineServices: [class com.almasb.fxgl.app.services.FXGLAssetLoaderService, class com.almasb.fxgl.app.FXGLApplication$GameApplicationService, class com.almasb.fxgl.app.services.FXGLDialogService, class com.almasb.fxgl.app.services.IOTaskExecutorService, class com.almasb.fxgl.io.FileSystemService, class com.almasb.fxgl.localization.LocalizationService, class com.almasb.fxgl.app.services.SystemBundleService, class com.almasb.fxgl.profile.SaveLoadService, class com.almasb.fxgl.ui.FXGLUIFactoryServiceProvider, class com.almasb.fxgl.ui.FXGLDialogFactoryServiceProvider, class com.almasb.fxgl.audio.AudioPlayer, class com.almasb.fxgl.notification.impl.NotificationServiceProvider, class com.almasb.fxgl.achievement.AchievementService, class com.almasb.fxgl.cutscene.CutsceneService, class com.almasb.fxgl.minigames.MiniGameService, class com.almasb.fxgl.net.NetService, class com.almasb.fxgl.app.services.UpdaterService, class com.almasb.fxgl.dev.DevService]
23:45:12.390 [FXGL Background Thread 3 ] DEBUG Engine               - fontGame: Abel-Regular.ttf
23:45:12.390 [FXGL Background Thread 3 ] DEBUG Engine               - fontMono: TerminalLandMono-Regular.otf
23:45:12.390 [FXGL Background Thread 3 ] DEBUG Engine               - fontText: Courier-Prime.ttf
23:45:12.390 [FXGL Background Thread 3 ] DEBUG Engine               - fontUI: VarelaRound-Regular.ttf
23:45:12.390 [FXGL Background Thread 3 ] DEBUG Engine               - fullScreen: BooleanProperty [value: false]
23:45:12.390 [FXGL Background Thread 3 ] DEBUG Engine               - gameDifficulty: MEDIUM
23:45:12.390 [FXGL Background Thread 3 ] DEBUG Engine               - gameDifficultyProperty: ObjectProperty [value: MEDIUM]
23:45:12.391 [FXGL Background Thread 3 ] DEBUG Engine               - globalMusicVolume: 0.5
23:45:12.391 [FXGL Background Thread 3 ] DEBUG Engine               - globalMusicVolumeProperty: DoubleProperty [value: 0.5]
23:45:12.391 [FXGL Background Thread 3 ] DEBUG Engine               - globalSoundVolume: 0.5
23:45:12.391 [FXGL Background Thread 3 ] DEBUG Engine               - globalSoundVolumeProperty: DoubleProperty [value: 0.5]
23:45:12.391 [FXGL Background Thread 3 ] DEBUG Engine               - height: 600
23:45:12.391 [FXGL Background Thread 3 ] DEBUG Engine               - is3D: false
23:45:12.391 [FXGL Background Thread 3 ] DEBUG Engine               - isAndroid: false
23:45:12.391 [FXGL Background Thread 3 ] DEBUG Engine               - isBrowser: false
23:45:12.391 [FXGL Background Thread 3 ] DEBUG Engine               - isClickFeedbackEnabled: false
23:45:12.391 [FXGL Background Thread 3 ] DEBUG Engine               - isCloseConfirmation: false
23:45:12.391 [FXGL Background Thread 3 ] DEBUG Engine               - isDesktop: true
23:45:12.391 [FXGL Background Thread 3 ] DEBUG Engine               - isDeveloperMenuEnabled: false
23:45:12.391 [FXGL Background Thread 3 ] DEBUG Engine               - isEmbedded: false
23:45:12.391 [FXGL Background Thread 3 ] DEBUG Engine               - isEntityPreloadEnabled: true
23:45:12.392 [FXGL Background Thread 3 ] DEBUG Engine               - isExperimentalTiledLargeMap: false
23:45:12.392 [FXGL Background Thread 3 ] DEBUG Engine               - isFileSystemWriteAllowed: true
23:45:12.392 [FXGL Background Thread 3 ] DEBUG Engine               - isFullScreenAllowed: false
23:45:12.392 [FXGL Background Thread 3 ] DEBUG Engine               - isFullScreenFromStart: false
23:45:12.392 [FXGL Background Thread 3 ] DEBUG Engine               - isGameMenuEnabled: true
23:45:12.392 [FXGL Background Thread 3 ] DEBUG Engine               - isIOS: false
23:45:12.392 [FXGL Background Thread 3 ] DEBUG Engine               - isIntroEnabled: false
23:45:12.392 [FXGL Background Thread 3 ] DEBUG Engine               - isLinux: false
23:45:12.392 [FXGL Background Thread 3 ] DEBUG Engine               - isMac: true
23:45:12.392 [FXGL Background Thread 3 ] DEBUG Engine               - isMainMenuEnabled: false
23:45:12.392 [FXGL Background Thread 3 ] DEBUG Engine               - isManualResizeEnabled: false
23:45:12.392 [FXGL Background Thread 3 ] DEBUG Engine               - isMobile: false
23:45:12.392 [FXGL Background Thread 3 ] DEBUG Engine               - isNative: false
23:45:12.393 [FXGL Background Thread 3 ] DEBUG Engine               - isPauseMusicWhenMinimized: true
23:45:12.393 [FXGL Background Thread 3 ] DEBUG Engine               - isPreserveResizeRatio: false
23:45:12.393 [FXGL Background Thread 3 ] DEBUG Engine               - isProfilingEnabled: false
23:45:12.393 [FXGL Background Thread 3 ] DEBUG Engine               - isScaleAffectedOnResize: true
23:45:12.393 [FXGL Background Thread 3 ] DEBUG Engine               - isSingleStep: false
23:45:12.393 [FXGL Background Thread 3 ] DEBUG Engine               - isUserProfileEnabled: false
23:45:12.393 [FXGL Background Thread 3 ] DEBUG Engine               - isWindows: false
23:45:12.393 [FXGL Background Thread 3 ] DEBUG Engine               - language: ObjectProperty [value: ENGLISH]
23:45:12.393 [FXGL Background Thread 3 ] DEBUG Engine               - menuKey: ESCAPE
23:45:12.393 [FXGL Background Thread 3 ] DEBUG Engine               - mouseSensitivity: 0.2
23:45:12.393 [FXGL Background Thread 3 ] DEBUG Engine               - notificationViewClass: class com.almasb.fxgl.notification.view.XboxNotificationView
23:45:12.393 [FXGL Background Thread 3 ] DEBUG Engine               - pixelsPerMeter: 50.0
23:45:12.393 [FXGL Background Thread 3 ] DEBUG Engine               - platform: MAC
23:45:12.393 [FXGL Background Thread 3 ] DEBUG Engine               - prefHeightProperty: ReadOnlyDoubleProperty [value: 600.0]
23:45:12.394 [FXGL Background Thread 3 ] DEBUG Engine               - prefWidthProperty: ReadOnlyDoubleProperty [value: 800.0]
23:45:12.394 [FXGL Background Thread 3 ] DEBUG Engine               - profileDir: profiles/
23:45:12.394 [FXGL Background Thread 3 ] DEBUG Engine               - profileName: StringProperty [value: DEFAULT]
23:45:12.394 [FXGL Background Thread 3 ] DEBUG Engine               - randomSeed: -1
23:45:12.394 [FXGL Background Thread 3 ] DEBUG Engine               - runtimeInfo: RuntimeInfo(platform=MAC, version=17.2, build=20.08.2022 16.50)
23:45:12.394 [FXGL Background Thread 3 ] DEBUG Engine               - saveFileExt: sav
23:45:12.394 [FXGL Background Thread 3 ] DEBUG Engine               - scaledHeightProp$fxgl: DoubleProperty [bound, value: 600.0]
23:45:12.394 [FXGL Background Thread 3 ] DEBUG Engine               - scaledWidthProp$fxgl: DoubleProperty [bound, value: 800.0]
23:45:12.394 [FXGL Background Thread 3 ] DEBUG Engine               - sceneFactory: com.almasb.fxgl.app.scene.SceneFactory@3d0387ac
23:45:12.394 [FXGL Background Thread 3 ] DEBUG Engine               - secondsIn24h: 60
23:45:12.394 [FXGL Background Thread 3 ] DEBUG Engine               - soundMenuBack: menu/back.wav
23:45:12.394 [FXGL Background Thread 3 ] DEBUG Engine               - soundMenuPress: menu/press.wav
23:45:12.395 [FXGL Background Thread 3 ] DEBUG Engine               - soundMenuSelect: menu/select.wav
23:45:12.395 [FXGL Background Thread 3 ] DEBUG Engine               - soundNotification: core/notification.wav
23:45:12.395 [FXGL Background Thread 3 ] DEBUG Engine               - stageStyle: DECORATED
23:45:12.395 [FXGL Background Thread 3 ] DEBUG Engine               - supportedLanguages: [ENGLISH, FRENCH, GERMAN, HUNGARIAN, RUSSIAN]
23:45:12.395 [FXGL Background Thread 3 ] DEBUG Engine               - ticksPerSecond: -1
23:45:12.395 [FXGL Background Thread 3 ] DEBUG Engine               - title: Pong
23:45:12.395 [FXGL Background Thread 3 ] DEBUG Engine               - urlGithub: https://github.com/AlmasB/FXGL
23:45:12.395 [FXGL Background Thread 3 ] DEBUG Engine               - urlLeaderboard: http://fxgl-top.herokuapp.com/
23:45:12.395 [FXGL Background Thread 3 ] DEBUG Engine               - urlPOM: https://raw.githubusercontent.com/AlmasB/FXGL/release/README.md
23:45:12.395 [FXGL Background Thread 3 ] DEBUG Engine               - userAppClass: class com.example.demo.PongApp
23:45:12.395 [FXGL Background Thread 3 ] DEBUG Engine               - version: 1.0
23:45:12.395 [FXGL Background Thread 3 ] DEBUG Engine               - versionCheckDays: 7
23:45:12.395 [FXGL Background Thread 3 ] DEBUG Engine               - width: 800
23:45:12.395 [FXGL Background Thread 3 ] DEBUG Engine               - Logging services
23:45:12.395 [FXGL Background Thread 3 ] DEBUG Engine               - class com.almasb.fxgl.app.services.FXGLAssetLoaderService
23:45:12.395 [FXGL Background Thread 3 ] DEBUG Engine               - class com.almasb.fxgl.app.FXGLApplication$GameApplicationService
23:45:12.395 [FXGL Background Thread 3 ] DEBUG Engine               - class com.almasb.fxgl.app.services.FXGLDialogService
23:45:12.395 [FXGL Background Thread 3 ] DEBUG Engine               - class com.almasb.fxgl.app.services.IOTaskExecutorService
23:45:12.395 [FXGL Background Thread 3 ] DEBUG Engine               - class com.almasb.fxgl.io.FileSystemService
23:45:12.395 [FXGL Background Thread 3 ] DEBUG Engine               - class com.almasb.fxgl.localization.LocalizationService
23:45:12.395 [FXGL Background Thread 3 ] DEBUG Engine               - class com.almasb.fxgl.app.services.SystemBundleService
23:45:12.395 [FXGL Background Thread 3 ] DEBUG Engine               - class com.almasb.fxgl.profile.SaveLoadService
23:45:12.395 [FXGL Background Thread 3 ] DEBUG Engine               - class com.almasb.fxgl.ui.FXGLUIFactoryServiceProvider
23:45:12.395 [FXGL Background Thread 3 ] DEBUG Engine               - class com.almasb.fxgl.ui.FXGLDialogFactoryServiceProvider
23:45:12.396 [FXGL Background Thread 3 ] DEBUG Engine               - class com.almasb.fxgl.audio.AudioPlayer
23:45:12.396 [FXGL Background Thread 3 ] DEBUG Engine               - class com.almasb.fxgl.notification.impl.NotificationServiceProvider
23:45:12.396 [FXGL Background Thread 3 ] DEBUG Engine               - class com.almasb.fxgl.achievement.AchievementService
23:45:12.396 [FXGL Background Thread 3 ] DEBUG Engine               - class com.almasb.fxgl.cutscene.CutsceneService
23:45:12.396 [FXGL Background Thread 3 ] DEBUG Engine               - class com.almasb.fxgl.minigames.MiniGameService
23:45:12.396 [FXGL Background Thread 3 ] DEBUG Engine               - class com.almasb.fxgl.net.NetService
23:45:12.396 [FXGL Background Thread 3 ] DEBUG Engine               - class com.almasb.fxgl.app.services.UpdaterService
23:45:12.396 [FXGL Background Thread 3 ] DEBUG Engine               - class com.almasb.fxgl.dev.DevService
23:45:31.886 [JavaFX Application Thread] DEBUG PrimaryStageWindow   - Push state: DialogSubScene
23:45:31.887 [JavaFX Application Thread] DEBUG Input                - Clearing active input actions
23:45:31.887 [JavaFX Application Thread] DEBUG GameApplicationServi - Removing overlay from GameScene and adding to DialogSubScene
23:45:31.888 [JavaFX Application Thread] DEBUG PrimaryStageWindow   - GameScene -> DialogSubScene
23:45:36.266 [JavaFX Application Thread] DEBUG PrimaryStageWindow   - Pop state: DialogSubScene
23:45:36.266 [JavaFX Application Thread] DEBUG Input                - Clearing active input actions
23:45:36.266 [JavaFX Application Thread] DEBUG GameApplicationServi - Removing overlay from DialogSubScene and adding to GameScene
23:45:36.266 [JavaFX Application Thread] DEBUG PrimaryStageWindow   - GameScene <- DialogSubScene
23:45:36.267 [JavaFX Application Thread] DEBUG FXGLApplication      - Exiting FXGL
23:45:36.267 [JavaFX Application Thread] DEBUG LoopRunner           - Stopping loop
23:45:36.267 [JavaFX Application Thread] DEBUG SystemBundleService  - Saving FXGL system data
23:45:36.269 [JavaFX Application Thread] DEBUG FileSystemAccess     - Writing to: /Users/konstantinstaykov/Public/sandbox/fxgl-playground/demo/system/fxgl.bundle
23:45:36.270 [JavaFX Application Thread] DEBUG Async                - Shutting down background threads
23:45:36.270 [JavaFX Application Thread] DEBUG PrimaryStageWindow   - Closing main window
23:45:36.277 [JavaFX Application Thread] DEBUG Logger               - Closing Logger
