00:02:16.526 [main                     ] DEBUG Logger               - Configured Logger
00:02:16.556 [main                     ] DEBUG GameApplication      - Logging settings
Title: Pong
Version: 1.0
Width: 800
Height: 600
Fullscreen: false
Intro: false
Profiling: false
Single step:false
App Mode: DEVELOPER
Menu Key: ESCAPE
Stage Style: DECORATED
Scene Factory: class com.almasb.fxgl.app.scene.SceneFactory

00:02:18.529 [JavaFX Application Thread] DEBUG FXGLApplication      - Initializing FXGL
00:02:18.534 [JavaFX Application Thread] INFO  Engine               - FXGL-17.2 (20.08.2022 16.50) on MAC (J:17.0.4.1 FX:17.0.2-ea)
00:02:18.534 [JavaFX Application Thread] DEBUG Engine               - JRE Vendor Name: Azul Systems, Inc.
00:02:18.534 [JavaFX Application Thread] DEBUG Engine               - Running on OS: Mac OS X version 13.0.1
00:02:18.535 [JavaFX Application Thread] DEBUG Engine               - Architecture: x86_64
00:02:18.535 [JavaFX Application Thread] INFO  Engine               - Source code and latest versions at: https://github.com/AlmasB/FXGL
00:02:18.535 [JavaFX Application Thread] INFO  Engine               -       Ask questions and discuss at: https://github.com/AlmasB/FXGL/discussions
00:02:18.535 [JavaFX Application Thread] INFO  Engine               -              Join the FXGL chat at: https://gitter.im/AlmasB/FXGL
00:02:18.618 [JavaFX Application Thread] DEBUG PrimaryStageWindow   - Creating a JavaFX scene
00:02:18.651 [JavaFX Application Thread] DEBUG PrimaryStageWindow   - Target settings size: 800.0 x 600.0
00:02:18.652 [JavaFX Application Thread] DEBUG PrimaryStageWindow   - Scaled scene size:    800.0 x 600.0
00:02:18.652 [JavaFX Application Thread] DEBUG PrimaryStageWindow   - Scaled ratio: (1.0, 1.0)
00:02:18.653 [JavaFX Application Thread] DEBUG PrimaryStageWindow   - Set initial scene to FXGLStartupScene
00:02:18.659 [JavaFX Application Thread] DEBUG PrimaryStageWindow   - Opening main window
00:02:18.709 [JavaFX Application Thread] DEBUG PrimaryStageWindow   - Window border size: (0.0, 28.0)
00:02:18.710 [JavaFX Application Thread] DEBUG PrimaryStageWindow   - Scaled size: 800.0 x 600.0
00:02:18.710 [JavaFX Application Thread] DEBUG PrimaryStageWindow   - Scaled ratio: (1.0, 1.0)
00:02:18.710 [JavaFX Application Thread] DEBUG PrimaryStageWindow   - Scene size: 800.0 x 600.0
00:02:18.710 [JavaFX Application Thread] DEBUG PrimaryStageWindow   - Stage size: 800.0 x 628.0
00:02:18.716 [FXGL Background Thread 1 ] DEBUG Engine               - Initializing environment variables
00:02:18.749 [FXGL Background Thread 1 ] DEBUG FXGLAssetLoaderServi - User app class for loading assets: class com.example.demo.PongApp
00:02:18.749 [FXGL Background Thread 1 ] DEBUG GameApplicationServi - Applying CSS: fxgl_dark.css
00:02:18.750 [FXGL Background Thread 1 ] DEBUG FXGLAssetLoaderServi - Loading from file system: jar:file:/Users/konstantinstaykov/.gradle/caches/modules-2/files-2.1/com.github.almasb/fxgl/17.2/35db6ae960eec2dcfd19262d3b7f9c42f0e95bc3/fxgl-17.2.jar!/fxglassets/ui/css/fxgl_dark.css
00:02:18.794 [FXGL Background Thread 1 ] DEBUG GameApplicationServi - Initializing application scenes
00:02:18.874 [FXGL Background Thread 1 ] DEBUG GameWorld            - Game world initialized
00:02:18.920 [FXGL Background Thread 1 ] DEBUG PhysicsWorld         - Physics world initialized: appHeight=600, physics.ppm=50.0
00:02:18.920 [FXGL Background Thread 1 ] DEBUG PhysicsWorld         - Using strategy: BRUTE_FORCE
00:02:18.924 [FXGL Background Thread 1 ] DEBUG GameScene            - Game scene initialized: 800x600
00:02:18.935 [FXGL Background Thread 1 ] DEBUG FXGL.DefaultMenu     - createMenuBodyGameMenu()
00:02:18.950 [FXGL Background Thread 1 ] DEBUG FXGL.DefaultMenu     - createOptionsMenu()
00:02:18.960 [FXGL Background Thread 1 ] DEBUG FXGLAssetLoaderServi - Loading from file system: jar:file:/Users/konstantinstaykov/.gradle/caches/modules-2/files-2.1/com.github.almasb/fxgl/17.2/35db6ae960eec2dcfd19262d3b7f9c42f0e95bc3/fxgl-17.2.jar!/fxglassets/textures/particles/smoke.png
00:02:19.040 [FXGL Background Thread 1 ] DEBUG FXGLAssetLoaderServi - Loading from file system: jar:file:/Users/konstantinstaykov/.gradle/caches/modules-2/files-2.1/com.github.almasb/fxgl/17.2/35db6ae960eec2dcfd19262d3b7f9c42f0e95bc3/fxgl-17.2.jar!/fxglassets/textures/particles/trace_horizontal.png
00:02:19.066 [FXGL Background Thread 1 ] DEBUG GameApplicationServi - Application scenes initialized
00:02:19.078 [FXGL Background Thread 1 ] DEBUG SystemBundleService  - Loading FXGL system data
00:02:19.082 [FXGL Background Thread 1 ] DEBUG FileSystemAccess     - Reading from: /Users/konstantinstaykov/Public/sandbox/fxgl-playground/demo/system/fxgl.bundle
00:02:19.090 [FXGL Background Thread 1 ] DEBUG SystemBundleService  - Bundle FXGL: {}
00:02:19.090 [FXGL Background Thread 1 ] DEBUG UpdaterService       - Checking for updates
00:02:19.098 [FXGL Background Thread 1 ] DEBUG FXGLApplication      - Loading default localization
00:02:19.098 [FXGL Background Thread 4 ] DEBUG FXGLApplication      - Loading fonts
00:02:19.099 [FXGL Background Thread 1 ] DEBUG FXGLAssetLoaderServi - Loading from file system: jar:file:/Users/konstantinstaykov/.gradle/caches/modules-2/files-2.1/com.github.almasb/fxgl/17.2/35db6ae960eec2dcfd19262d3b7f9c42f0e95bc3/fxgl-17.2.jar!/fxglassets/languages/english.lang
00:02:19.099 [FXGL Background Thread 4 ] DEBUG FXGLAssetLoaderServi - Loading from file system: jar:file:/Users/konstantinstaykov/.gradle/caches/modules-2/files-2.1/com.github.almasb/fxgl/17.2/35db6ae960eec2dcfd19262d3b7f9c42f0e95bc3/fxgl-17.2.jar!/fxglassets/ui/fonts/VarelaRound-Regular.ttf
00:02:19.125 [FXGL Background Thread 4 ] DEBUG FXGLAssetLoaderServi - Loading from file system: jar:file:/Users/konstantinstaykov/.gradle/caches/modules-2/files-2.1/com.github.almasb/fxgl/17.2/35db6ae960eec2dcfd19262d3b7f9c42f0e95bc3/fxgl-17.2.jar!/fxglassets/ui/fonts/Abel-Regular.ttf
00:02:19.129 [FXGL Background Thread 4 ] DEBUG FXGLAssetLoaderServi - Loading from file system: jar:file:/Users/konstantinstaykov/.gradle/caches/modules-2/files-2.1/com.github.almasb/fxgl/17.2/35db6ae960eec2dcfd19262d3b7f9c42f0e95bc3/fxgl-17.2.jar!/fxglassets/ui/fonts/TerminalLandMono-Regular.otf
00:02:19.135 [FXGL Background Thread 1 ] INFO  FXGLApplication      - FXGL initialization took: 0.419 sec
00:02:19.133 [FXGL Background Thread 4 ] DEBUG FXGLAssetLoaderServi - Loading from file system: jar:file:/Users/konstantinstaykov/.gradle/caches/modules-2/files-2.1/com.github.almasb/fxgl/17.2/35db6ae960eec2dcfd19262d3b7f9c42f0e95bc3/fxgl-17.2.jar!/fxglassets/ui/fonts/Courier-Prime.ttf
00:02:19.149 [JavaFX Application Thread] DEBUG Input                - Registered new binding: Up - W
00:02:19.149 [JavaFX Application Thread] DEBUG Input                - Registered new binding: Down - S
00:02:19.150 [JavaFX Application Thread] DEBUG FXGLAssetLoaderServi - Loading from file system: jar:file:/Users/konstantinstaykov/.gradle/caches/modules-2/files-2.1/com.github.almasb/fxgl/17.2/35db6ae960eec2dcfd19262d3b7f9c42f0e95bc3/fxgl-17.2.jar!/fxglassets/textures/fxgl_icon.png
00:02:19.203 [JavaFX Application Thread] DEBUG FXGLAssetLoaderServi - Loading from file system: jar:file:/Users/konstantinstaykov/.gradle/caches/modules-2/files-2.1/com.github.almasb/fxgl/17.2/35db6ae960eec2dcfd19262d3b7f9c42f0e95bc3/fxgl-17.2.jar!/fxglassets/textures/fxgl_default_cursor.png
00:02:19.205 [JavaFX Application Thread] DEBUG Input                - Registered new binding: Screenshot - CTRL+8
00:02:19.206 [JavaFX Application Thread] DEBUG Input                - Registered new binding: System info dump - CTRL+9
00:02:19.206 [JavaFX Application Thread] DEBUG Input                - Registered new binding: Restart - CTRL+R
00:02:19.207 [JavaFX Application Thread] DEBUG Input                - Registered new binding: Toggle Debug Camera - CTRL+7
00:02:19.210 [JavaFX Application Thread] DEBUG LoopRunner           - Starting loop
00:02:19.210 [JavaFX Application Thread] DEBUG LoopRunner           - Initializing JavaFX AnimationTimerLoop
00:02:19.212 [JavaFX Application Thread] DEBUG GameApplicationServi - Starting new game
00:02:19.212 [JavaFX Application Thread] DEBUG Input                - Clearing active input actions
00:02:19.224 [JavaFX Application Thread] DEBUG GameApplicationServi - Removing overlay from FXGLStartupScene and adding to FXGLLoadingScene
00:02:19.225 [JavaFX Application Thread] DEBUG PrimaryStageWindow   - FXGLStartupScene -> FXGLLoadingScene
00:02:19.225 [JavaFX Application Thread] DEBUG GameApplicationServi - Clearing previous game
00:02:19.225 [JavaFX Application Thread] DEBUG GameScene            - Clearing game scene
00:02:19.225 [JavaFX Application Thread] DEBUG GameWorld            - Clearing game world
00:02:19.225 [JavaFX Application Thread] DEBUG PhysicsWorld         - Clearing physics world
00:02:19.226 [FXGL Background Thread 4 ] DEBUG FXGLApplication      - Initializing game
00:02:19.265 [FXGL Background Thread 4 ] DEBUG FXGLAssetLoaderServi - Loading from file system: file:/Users/konstantinstaykov/Public/sandbox/fxgl-playground/demo/build/resources/main/assets/ui/main.fxml
00:02:19.269 [JavaFX Application Thread] DEBUG FXGLApplication      - Registering font factories with UI factory
00:02:19.328 [FXGL Background Thread 4 ] INFO  FXGLApplication      - Game initialization took: 0.102 sec
00:02:19.380 [JavaFX Application Thread] DEBUG Input                - Clearing active input actions
00:02:19.390 [JavaFX Application Thread] DEBUG GameApplicationServi - Removing overlay from FXGLLoadingScene and adding to GameScene
00:02:19.390 [JavaFX Application Thread] DEBUG PrimaryStageWindow   - FXGLLoadingScene -> GameScene
00:02:19.993 [JavaFX Application Thread] DEBUG FXGLAssetLoaderServi - Loading from file system: file:/Users/konstantinstaykov/Public/sandbox/fxgl-playground/demo/build/resources/main/assets/sounds/hit_bat.wav
00:02:20.462 [JavaFX Application Thread] DEBUG FXGLAssetLoaderServi - Loading from file system: file:/Users/konstantinstaykov/Public/sandbox/fxgl-playground/demo/build/resources/main/assets/sounds/hit_wall.wav
00:02:22.093 [FXGL Background Thread 3 ] DEBUG Engine               - Logging environment variables
00:02:22.093 [FXGL Background Thread 3 ] DEBUG Engine               - achievements: []
00:02:22.093 [FXGL Background Thread 3 ] DEBUG Engine               - actualHeight: 600.0
00:02:22.093 [FXGL Background Thread 3 ] DEBUG Engine               - actualHeightProperty: ReadOnlyDoubleProperty [value: 600.0]
00:02:22.093 [FXGL Background Thread 3 ] DEBUG Engine               - actualWidth: 800.0
00:02:22.094 [FXGL Background Thread 3 ] DEBUG Engine               - actualWidthProperty: ReadOnlyDoubleProperty [value: 800.0]
00:02:22.094 [FXGL Background Thread 3 ] DEBUG Engine               - appIcon: fxgl_icon.png
00:02:22.094 [FXGL Background Thread 3 ] DEBUG Engine               - applicationMode: DEVELOPER
00:02:22.094 [FXGL Background Thread 3 ] DEBUG Engine               - cSSList: [fxgl_dark.css]
00:02:22.094 [FXGL Background Thread 3 ] DEBUG Engine               - collisionDetectionStrategy: BRUTE_FORCE
00:02:22.094 [FXGL Background Thread 3 ] DEBUG Engine               - configClass: Optional.empty
00:02:22.094 [FXGL Background Thread 3 ] DEBUG Engine               - credits: []
00:02:22.094 [FXGL Background Thread 3 ] DEBUG Engine               - defaultCursor: CursorInfo(imageName=fxgl_default_cursor.png, hotspotX=7.0, hotspotY=6.0)
00:02:22.094 [FXGL Background Thread 3 ] DEBUG Engine               - devBBoxColorProperty: ObjectProperty [value: 0xff0000ff]
00:02:22.095 [FXGL Background Thread 3 ] DEBUG Engine               - devEnableDebugCameraProperty: BooleanProperty [value: false]
00:02:22.095 [FXGL Background Thread 3 ] DEBUG Engine               - devSensorColorProperty: ObjectProperty [value: 0xffff00ff]
00:02:22.095 [FXGL Background Thread 3 ] DEBUG Engine               - devShowBBoxProperty: BooleanProperty [value: false]
00:02:22.095 [FXGL Background Thread 3 ] DEBUG Engine               - devShowPositionProperty: BooleanProperty [value: false]
00:02:22.095 [FXGL Background Thread 3 ] DEBUG Engine               - enabledMenuItems: []
00:02:22.095 [FXGL Background Thread 3 ] DEBUG Engine               - engineServices: [class com.almasb.fxgl.app.services.FXGLAssetLoaderService, class com.almasb.fxgl.app.FXGLApplication$GameApplicationService, class com.almasb.fxgl.app.services.FXGLDialogService, class com.almasb.fxgl.app.services.IOTaskExecutorService, class com.almasb.fxgl.io.FileSystemService, class com.almasb.fxgl.localization.LocalizationService, class com.almasb.fxgl.app.services.SystemBundleService, class com.almasb.fxgl.profile.SaveLoadService, class com.almasb.fxgl.ui.FXGLUIFactoryServiceProvider, class com.almasb.fxgl.ui.FXGLDialogFactoryServiceProvider, class com.almasb.fxgl.audio.AudioPlayer, class com.almasb.fxgl.notification.impl.NotificationServiceProvider, class com.almasb.fxgl.achievement.AchievementService, class com.almasb.fxgl.cutscene.CutsceneService, class com.almasb.fxgl.minigames.MiniGameService, class com.almasb.fxgl.net.NetService, class com.almasb.fxgl.app.services.UpdaterService, class com.almasb.fxgl.dev.DevService]
00:02:22.095 [FXGL Background Thread 3 ] DEBUG Engine               - fontGame: Abel-Regular.ttf
00:02:22.095 [FXGL Background Thread 3 ] DEBUG Engine               - fontMono: TerminalLandMono-Regular.otf
00:02:22.095 [FXGL Background Thread 3 ] DEBUG Engine               - fontText: Courier-Prime.ttf
00:02:22.095 [FXGL Background Thread 3 ] DEBUG Engine               - fontUI: VarelaRound-Regular.ttf
00:02:22.095 [FXGL Background Thread 3 ] DEBUG Engine               - fullScreen: BooleanProperty [value: false]
00:02:22.095 [FXGL Background Thread 3 ] DEBUG Engine               - gameDifficulty: MEDIUM
00:02:22.095 [FXGL Background Thread 3 ] DEBUG Engine               - gameDifficultyProperty: ObjectProperty [value: MEDIUM]
00:02:22.095 [FXGL Background Thread 3 ] DEBUG Engine               - globalMusicVolume: 0.5
00:02:22.096 [FXGL Background Thread 3 ] DEBUG Engine               - globalMusicVolumeProperty: DoubleProperty [value: 0.5]
00:02:22.096 [FXGL Background Thread 3 ] DEBUG Engine               - globalSoundVolume: 0.5
00:02:22.096 [FXGL Background Thread 3 ] DEBUG Engine               - globalSoundVolumeProperty: DoubleProperty [value: 0.5]
00:02:22.096 [FXGL Background Thread 3 ] DEBUG Engine               - height: 600
00:02:22.096 [FXGL Background Thread 3 ] DEBUG Engine               - is3D: false
00:02:22.096 [FXGL Background Thread 3 ] DEBUG Engine               - isAndroid: false
00:02:22.096 [FXGL Background Thread 3 ] DEBUG Engine               - isBrowser: false
00:02:22.096 [FXGL Background Thread 3 ] DEBUG Engine               - isClickFeedbackEnabled: false
00:02:22.096 [FXGL Background Thread 3 ] DEBUG Engine               - isCloseConfirmation: false
00:02:22.096 [FXGL Background Thread 3 ] DEBUG Engine               - isDesktop: true
00:02:22.096 [FXGL Background Thread 3 ] DEBUG Engine               - isDeveloperMenuEnabled: false
00:02:22.096 [FXGL Background Thread 3 ] DEBUG Engine               - isEmbedded: false
00:02:22.096 [FXGL Background Thread 3 ] DEBUG Engine               - isEntityPreloadEnabled: true
00:02:22.096 [FXGL Background Thread 3 ] DEBUG Engine               - isExperimentalTiledLargeMap: false
00:02:22.096 [FXGL Background Thread 3 ] DEBUG Engine               - isFileSystemWriteAllowed: true
00:02:22.096 [FXGL Background Thread 3 ] DEBUG Engine               - isFullScreenAllowed: false
00:02:22.096 [FXGL Background Thread 3 ] DEBUG Engine               - isFullScreenFromStart: false
00:02:22.096 [FXGL Background Thread 3 ] DEBUG Engine               - isGameMenuEnabled: true
00:02:22.096 [FXGL Background Thread 3 ] DEBUG Engine               - isIOS: false
00:02:22.097 [FXGL Background Thread 3 ] DEBUG Engine               - isIntroEnabled: false
00:02:22.097 [FXGL Background Thread 3 ] DEBUG Engine               - isLinux: false
00:02:22.097 [FXGL Background Thread 3 ] DEBUG Engine               - isMac: true
00:02:22.097 [FXGL Background Thread 3 ] DEBUG Engine               - isMainMenuEnabled: false
00:02:22.097 [FXGL Background Thread 3 ] DEBUG Engine               - isManualResizeEnabled: false
00:02:22.097 [FXGL Background Thread 3 ] DEBUG Engine               - isMobile: false
00:02:22.097 [FXGL Background Thread 3 ] DEBUG Engine               - isNative: false
00:02:22.097 [FXGL Background Thread 3 ] DEBUG Engine               - isPauseMusicWhenMinimized: true
00:02:22.097 [FXGL Background Thread 3 ] DEBUG Engine               - isPreserveResizeRatio: false
00:02:22.097 [FXGL Background Thread 3 ] DEBUG Engine               - isProfilingEnabled: false
00:02:22.097 [FXGL Background Thread 3 ] DEBUG Engine               - isScaleAffectedOnResize: true
00:02:22.097 [FXGL Background Thread 3 ] DEBUG Engine               - isSingleStep: false
00:02:22.097 [FXGL Background Thread 3 ] DEBUG Engine               - isUserProfileEnabled: false
00:02:22.097 [FXGL Background Thread 3 ] DEBUG Engine               - isWindows: false
00:02:22.098 [FXGL Background Thread 3 ] DEBUG Engine               - language: ObjectProperty [value: ENGLISH]
00:02:22.098 [FXGL Background Thread 3 ] DEBUG Engine               - menuKey: ESCAPE
00:02:22.098 [FXGL Background Thread 3 ] DEBUG Engine               - mouseSensitivity: 0.2
00:02:22.098 [FXGL Background Thread 3 ] DEBUG Engine               - notificationViewClass: class com.almasb.fxgl.notification.view.XboxNotificationView
00:02:22.098 [FXGL Background Thread 3 ] DEBUG Engine               - pixelsPerMeter: 50.0
00:02:22.098 [FXGL Background Thread 3 ] DEBUG Engine               - platform: MAC
00:02:22.098 [FXGL Background Thread 3 ] DEBUG Engine               - prefHeightProperty: ReadOnlyDoubleProperty [value: 600.0]
00:02:22.098 [FXGL Background Thread 3 ] DEBUG Engine               - prefWidthProperty: ReadOnlyDoubleProperty [value: 800.0]
00:02:22.098 [FXGL Background Thread 3 ] DEBUG Engine               - profileDir: profiles/
00:02:22.098 [FXGL Background Thread 3 ] DEBUG Engine               - profileName: StringProperty [value: DEFAULT]
00:02:22.098 [FXGL Background Thread 3 ] DEBUG Engine               - randomSeed: -1
00:02:22.098 [FXGL Background Thread 3 ] DEBUG Engine               - runtimeInfo: RuntimeInfo(platform=MAC, version=17.2, build=20.08.2022 16.50)
00:02:22.098 [FXGL Background Thread 3 ] DEBUG Engine               - saveFileExt: sav
00:02:22.099 [FXGL Background Thread 3 ] DEBUG Engine               - scaledHeightProp$fxgl: DoubleProperty [bound, value: 600.0]
00:02:22.099 [FXGL Background Thread 3 ] DEBUG Engine               - scaledWidthProp$fxgl: DoubleProperty [bound, value: 800.0]
00:02:22.099 [FXGL Background Thread 3 ] DEBUG Engine               - sceneFactory: com.almasb.fxgl.app.scene.SceneFactory@70df0945
00:02:22.099 [FXGL Background Thread 3 ] DEBUG Engine               - secondsIn24h: 60
00:02:22.099 [FXGL Background Thread 3 ] DEBUG Engine               - soundMenuBack: menu/back.wav
00:02:22.099 [FXGL Background Thread 3 ] DEBUG Engine               - soundMenuPress: menu/press.wav
00:02:22.099 [FXGL Background Thread 3 ] DEBUG Engine               - soundMenuSelect: menu/select.wav
00:02:22.099 [FXGL Background Thread 3 ] DEBUG Engine               - soundNotification: core/notification.wav
00:02:22.099 [FXGL Background Thread 3 ] DEBUG Engine               - stageStyle: DECORATED
00:02:22.099 [FXGL Background Thread 3 ] DEBUG Engine               - supportedLanguages: [ENGLISH, FRENCH, GERMAN, HUNGARIAN, RUSSIAN]
00:02:22.099 [FXGL Background Thread 3 ] DEBUG Engine               - ticksPerSecond: -1
00:02:22.099 [FXGL Background Thread 3 ] DEBUG Engine               - title: Pong
00:02:22.099 [FXGL Background Thread 3 ] DEBUG Engine               - urlGithub: https://github.com/AlmasB/FXGL
00:02:22.099 [FXGL Background Thread 3 ] DEBUG Engine               - urlLeaderboard: http://fxgl-top.herokuapp.com/
00:02:22.099 [FXGL Background Thread 3 ] DEBUG Engine               - urlPOM: https://raw.githubusercontent.com/AlmasB/FXGL/release/README.md
00:02:22.099 [FXGL Background Thread 3 ] DEBUG Engine               - userAppClass: class com.example.demo.PongApp
00:02:22.099 [FXGL Background Thread 3 ] DEBUG Engine               - version: 1.0
00:02:22.099 [FXGL Background Thread 3 ] DEBUG Engine               - versionCheckDays: 7
00:02:22.099 [FXGL Background Thread 3 ] DEBUG Engine               - width: 800
00:02:22.099 [FXGL Background Thread 3 ] DEBUG Engine               - Logging services
00:02:22.099 [FXGL Background Thread 3 ] DEBUG Engine               - class com.almasb.fxgl.app.services.FXGLAssetLoaderService
00:02:22.099 [FXGL Background Thread 3 ] DEBUG Engine               - class com.almasb.fxgl.app.FXGLApplication$GameApplicationService
00:02:22.099 [FXGL Background Thread 3 ] DEBUG Engine               - class com.almasb.fxgl.app.services.FXGLDialogService
00:02:22.100 [FXGL Background Thread 3 ] DEBUG Engine               - class com.almasb.fxgl.app.services.IOTaskExecutorService
00:02:22.100 [FXGL Background Thread 3 ] DEBUG Engine               - class com.almasb.fxgl.io.FileSystemService
00:02:22.100 [FXGL Background Thread 3 ] DEBUG Engine               - class com.almasb.fxgl.localization.LocalizationService
00:02:22.100 [FXGL Background Thread 3 ] DEBUG Engine               - class com.almasb.fxgl.app.services.SystemBundleService
00:02:22.100 [FXGL Background Thread 3 ] DEBUG Engine               - class com.almasb.fxgl.profile.SaveLoadService
00:02:22.100 [FXGL Background Thread 3 ] DEBUG Engine               - class com.almasb.fxgl.ui.FXGLUIFactoryServiceProvider
00:02:22.100 [FXGL Background Thread 3 ] DEBUG Engine               - class com.almasb.fxgl.ui.FXGLDialogFactoryServiceProvider
00:02:22.100 [FXGL Background Thread 3 ] DEBUG Engine               - class com.almasb.fxgl.audio.AudioPlayer
00:02:22.100 [FXGL Background Thread 3 ] DEBUG Engine               - class com.almasb.fxgl.notification.impl.NotificationServiceProvider
00:02:22.100 [FXGL Background Thread 3 ] DEBUG Engine               - class com.almasb.fxgl.achievement.AchievementService
00:02:22.100 [FXGL Background Thread 3 ] DEBUG Engine               - class com.almasb.fxgl.cutscene.CutsceneService
00:02:22.100 [FXGL Background Thread 3 ] DEBUG Engine               - class com.almasb.fxgl.minigames.MiniGameService
00:02:22.100 [FXGL Background Thread 3 ] DEBUG Engine               - class com.almasb.fxgl.net.NetService
00:02:22.100 [FXGL Background Thread 3 ] DEBUG Engine               - class com.almasb.fxgl.app.services.UpdaterService
00:02:22.100 [FXGL Background Thread 3 ] DEBUG Engine               - class com.almasb.fxgl.dev.DevService
00:02:23.091 [JavaFX Application Thread] DEBUG FXGLApplication      - Exiting FXGL
00:02:23.092 [JavaFX Application Thread] DEBUG LoopRunner           - Stopping loop
00:02:23.092 [JavaFX Application Thread] DEBUG SystemBundleService  - Saving FXGL system data
00:02:23.094 [JavaFX Application Thread] DEBUG FileSystemAccess     - Writing to: /Users/konstantinstaykov/Public/sandbox/fxgl-playground/demo/system/fxgl.bundle
00:02:23.095 [JavaFX Application Thread] DEBUG Async                - Shutting down background threads
00:02:23.096 [JavaFX Application Thread] DEBUG PrimaryStageWindow   - Closing main window
00:02:23.103 [JavaFX Application Thread] DEBUG Logger               - Closing Logger
